<?xml version="1.0" encoding="UTF-8"?>
<!-- Generated by org.testng.reporters.JUnitXMLReporter -->
<testsuite hostname="Kiran-PC" name="Default test" tests="51" failures="0" timestamp="18 Jul 2020 11:36:22 GMT" time="214.634" errors="0">
  <testcase name="Browser" time="21.593" classname="VF_Quote_Creation_And_Response.FTL_Quote_Buyer_Side_Verification_Ranking_Basis_Per_Period"/>
  <testcase name="Buyer_Login" time="34.059" classname="VF_Quote_Creation_And_Response.FTL_Quote_Buyer_Side_Verification_Ranking_Basis_Per_Period"/>
  <testcase name="verify_buyer_login" time="0.102" classname="VF_Quote_Creation_And_Response.FTL_Quote_Buyer_Side_Verification_Ranking_Basis_Per_Period"/>
  <testcase name="Navigate_to_Create_Or_View_Page" time="5.197" classname="VF_Quote_Creation_And_Response.FTL_Quote_Buyer_Side_Verification_Ranking_Basis_Per_Period"/>
  <testcase name="Open_Quote_In_Active_Tab" time="8.105" classname="VF_Quote_Creation_And_Response.FTL_Quote_Buyer_Side_Verification_Ranking_Basis_Per_Period"/>
  <testcase name="Verify_Page_Navigated_To_Delivery_Location" time="2.203" classname="VF_Quote_Creation_And_Response.FTL_Quote_Buyer_Side_Verification_Ranking_Basis_Per_Period"/>
  <testcase name="Open_Delivery_Location_list" time="0.056" classname="VF_Quote_Creation_And_Response.FTL_Quote_Buyer_Side_Verification_Ranking_Basis_Per_Period"/>
  <testcase name="Verify_Page_Is_Navigated_To_Manage_Rounds" time="8.902" classname="VF_Quote_Creation_And_Response.FTL_Quote_Buyer_Side_Verification_Ranking_Basis_Per_Period"/>
  <testcase name="Open_View_in_TandC" time="0.152" classname="VF_Quote_Creation_And_Response.FTL_Quote_Buyer_Side_Verification_Ranking_Basis_Per_Period"/>
  <testcase name="Verify_FuelSurcharge_and_Accessorial_Service_Fees_Per_Delivery_in_TandC" time="7.305" classname="VF_Quote_Creation_And_Response.FTL_Quote_Buyer_Side_Verification_Ranking_Basis_Per_Period"/>
  <testcase name="verify_Tolls_data_on_tandc" time="2.476" classname="VF_Quote_Creation_And_Response.FTL_Quote_Buyer_Side_Verification_Ranking_Basis_Per_Period"/>
  <testcase name="Verify_Freight_Per_Gallon_Values_in_TandC" time="0.687" classname="VF_Quote_Creation_And_Response.FTL_Quote_Buyer_Side_Verification_Ranking_Basis_Per_Period"/>
  <testcase name="Verify_Total_Charges_Frt_$_Per_Gall_in_TandC" time="0.657" classname="VF_Quote_Creation_And_Response.FTL_Quote_Buyer_Side_Verification_Ranking_Basis_Per_Period"/>
  <testcase name="Verify_$_Per_Period_Values_on_TandC" time="0.279" classname="VF_Quote_Creation_And_Response.FTL_Quote_Buyer_Side_Verification_Ranking_Basis_Per_Period"/>
  <testcase name="Verify_$_Per_del_Values_on_TandC" time="0.238" classname="VF_Quote_Creation_And_Response.FTL_Quote_Buyer_Side_Verification_Ranking_Basis_Per_Period"/>
  <testcase name="Verify_$_Per_Gal_Values_on_TandC" time="0.214" classname="VF_Quote_Creation_And_Response.FTL_Quote_Buyer_Side_Verification_Ranking_Basis_Per_Period"/>
  <testcase name="Verify_finaltotal_and_RankingBasis_Values_in_TandC" time="5.629" classname="VF_Quote_Creation_And_Response.FTL_Quote_Buyer_Side_Verification_Ranking_Basis_Per_Period"/>
  <testcase name="Open_Workbench" time="0.265" classname="VF_Quote_Creation_And_Response.FTL_Quote_Buyer_Side_Verification_Ranking_Basis_Per_Period"/>
  <testcase name="Verify_Buyer_Calculations_on_Workbench" time="11.885" classname="VF_Quote_Creation_And_Response.FTL_Quote_Buyer_Side_Verification_Ranking_Basis_Per_Period"/>
  <testcase name="Verify_FuelSurcharge_and_Accesorialfees_in_Workbench" time="2.268" classname="VF_Quote_Creation_And_Response.FTL_Quote_Buyer_Side_Verification_Ranking_Basis_Per_Period"/>
  <testcase name="Verify_Tolls_in_Workbench" time="0.312" classname="VF_Quote_Creation_And_Response.FTL_Quote_Buyer_Side_Verification_Ranking_Basis_Per_Period"/>
  <testcase name="Verify_Freight_Per_Gallon_Values_in_WorkBench" time="0.596" classname="VF_Quote_Creation_And_Response.FTL_Quote_Buyer_Side_Verification_Ranking_Basis_Per_Period"/>
  <testcase name="Verify_Total_Charges_Frt_$_Per_Gall_in_Workbench" time="0.592" classname="VF_Quote_Creation_And_Response.FTL_Quote_Buyer_Side_Verification_Ranking_Basis_Per_Period"/>
  <testcase name="Verify_$_Per_Period_Values_on_Workbench" time="0.974" classname="VF_Quote_Creation_And_Response.FTL_Quote_Buyer_Side_Verification_Ranking_Basis_Per_Period"/>
  <testcase name="Verify_$_Per_del_Values_on_Workbench" time="0.339" classname="VF_Quote_Creation_And_Response.FTL_Quote_Buyer_Side_Verification_Ranking_Basis_Per_Period"/>
  <testcase name="Verify_$_Per_Gal_Values_on_Workbench" time="0.262" classname="VF_Quote_Creation_And_Response.FTL_Quote_Buyer_Side_Verification_Ranking_Basis_Per_Period"/>
  <testcase name="Close_Workbench" time="2.204" classname="VF_Quote_Creation_And_Response.FTL_Quote_Buyer_Side_Verification_Ranking_Basis_Per_Period"/>
  <testcase name="Award_Quote" time="24.383" classname="VF_Quote_Creation_And_Response.FTL_Quote_Buyer_Side_Verification_Ranking_Basis_Per_Period"/>
  <testcase name="Verify_Quote_in_Awarded_Tab" time="3.995" classname="VF_Quote_Creation_And_Response.FTL_Quote_Buyer_Side_Verification_Ranking_Basis_Per_Period"/>
  <testcase name="Open_Awarded_Quote" time="11.601" classname="VF_Quote_Creation_And_Response.FTL_Quote_Buyer_Side_Verification_Ranking_Basis_Per_Period"/>
  <testcase name="Verify_awarded_Quote_Status" time="0.077" classname="VF_Quote_Creation_And_Response.FTL_Quote_Buyer_Side_Verification_Ranking_Basis_Per_Period"/>
  <testcase name="Open_TandC_for_Awarded_Quote" time="0.144" classname="VF_Quote_Creation_And_Response.FTL_Quote_Buyer_Side_Verification_Ranking_Basis_Per_Period"/>
  <testcase name="Verify_FuelSurcharge_and_Accesorialfees_in_TandC_for_Awarded_Quote" time="12.817" classname="VF_Quote_Creation_And_Response.FTL_Quote_Buyer_Side_Verification_Ranking_Basis_Per_Period"/>
  <testcase name="verify_Tolls_data_on_tandc_for_Awarded_Quote" time="2.551" classname="VF_Quote_Creation_And_Response.FTL_Quote_Buyer_Side_Verification_Ranking_Basis_Per_Period"/>
  <testcase name="Verify_Freight_Per_Gallon_Values_in_TandC_for_Awarded_quote" time="0.832" classname="VF_Quote_Creation_And_Response.FTL_Quote_Buyer_Side_Verification_Ranking_Basis_Per_Period"/>
  <testcase name="Verify_Total_Charges_Frt_$_Per_Gall_in_TandC_for_Awarded_quote" time="0.892" classname="VF_Quote_Creation_And_Response.FTL_Quote_Buyer_Side_Verification_Ranking_Basis_Per_Period"/>
  <testcase name="Verify_$_Per_Period_Values_on_TandC_for_Awarded_quote" time="0.332" classname="VF_Quote_Creation_And_Response.FTL_Quote_Buyer_Side_Verification_Ranking_Basis_Per_Period"/>
  <testcase name="Verify_$_Per_del_Values_on_TandC_for_Awarded_quote" time="0.441" classname="VF_Quote_Creation_And_Response.FTL_Quote_Buyer_Side_Verification_Ranking_Basis_Per_Period"/>
  <testcase name="Verify_$_Per_Gal_Values_on_TandC_for_Awarded_quote" time="0.301" classname="VF_Quote_Creation_And_Response.FTL_Quote_Buyer_Side_Verification_Ranking_Basis_Per_Period"/>
  <testcase name="Verify_finaltotal_and_RankingBasis_Values_in_TandC_for_Awarded_quote_for_Awarded_Quote" time="5.553" classname="VF_Quote_Creation_And_Response.FTL_Quote_Buyer_Side_Verification_Ranking_Basis_Per_Period"/>
  <testcase name="Open_Workbench_for_Awarded_quote" time="0.259" classname="VF_Quote_Creation_And_Response.FTL_Quote_Buyer_Side_Verification_Ranking_Basis_Per_Period"/>
  <testcase name="Verify_Buyer_Calculations_on_Workbench_for_Awarded_quote" time="12.404" classname="VF_Quote_Creation_And_Response.FTL_Quote_Buyer_Side_Verification_Ranking_Basis_Per_Period"/>
  <testcase name="Verify_FuelSurcharge_and_Accesorialfees_in_Workbench_for_Awarded_quote" time="2.273" classname="VF_Quote_Creation_And_Response.FTL_Quote_Buyer_Side_Verification_Ranking_Basis_Per_Period"/>
  <testcase name="Verify_Tolls_in_Workbench_for_Awarded_quote" time="0.373" classname="VF_Quote_Creation_And_Response.FTL_Quote_Buyer_Side_Verification_Ranking_Basis_Per_Period"/>
  <testcase name="Verify_Freight_Per_Gallon_Values_in_WorkBench_for_Awarded_quote" time="0.748" classname="VF_Quote_Creation_And_Response.FTL_Quote_Buyer_Side_Verification_Ranking_Basis_Per_Period"/>
  <testcase name="Verify_Total_Charges_Frt_$_Per_Gall_in_Workbench_for_Awarded_quote" time="0.853" classname="VF_Quote_Creation_And_Response.FTL_Quote_Buyer_Side_Verification_Ranking_Basis_Per_Period"/>
  <testcase name="Verify_$_Per_Period_Values_on_Workbench_for_Awarded_quote" time="0.996" classname="VF_Quote_Creation_And_Response.FTL_Quote_Buyer_Side_Verification_Ranking_Basis_Per_Period"/>
  <testcase name="Verify_$_Per_del_Values_on_Workbench_for_Awarded_quote" time="0.252" classname="VF_Quote_Creation_And_Response.FTL_Quote_Buyer_Side_Verification_Ranking_Basis_Per_Period"/>
  <testcase name="Verify_$_Per_Gal_Values_on_Workbench_for_Awarded_quote" time="0.388" classname="VF_Quote_Creation_And_Response.FTL_Quote_Buyer_Side_Verification_Ranking_Basis_Per_Period"/>
  <testcase name="Close_Workbench_for_Awarded_quote" time="2.187" classname="VF_Quote_Creation_And_Response.FTL_Quote_Buyer_Side_Verification_Ranking_Basis_Per_Period"/>
  <testcase name="Veify_Buyer_Logout" time="4.09" classname="VF_Quote_Creation_And_Response.FTL_Quote_Buyer_Side_Verification_Ranking_Basis_Per_Period"/>
</testsuite> <!-- Default test -->
