<?xml version="1.0" encoding="UTF-8"?>
<!-- Generated by org.testng.reporters.JUnitXMLReporter -->
<testsuite hostname="Kiran-PC" name="Default test" tests="29" failures="0" timestamp="2 Jun 2020 15:42:07 GMT" time="125.414" errors="0">
  <testcase name="Open_Browser" time="9.421" classname="VF_Quote_Creation_And_Response.LTL_TW_Quote_Seller_Response_Ranking_Basis_Per_Period"/>
  <testcase name="Seller_Login" time="12.681" classname="VF_Quote_Creation_And_Response.LTL_TW_Quote_Seller_Response_Ranking_Basis_Per_Period"/>
  <testcase name="verify_Seller_login" time="0.595" classname="VF_Quote_Creation_And_Response.LTL_TW_Quote_Seller_Response_Ranking_Basis_Per_Period"/>
  <testcase name="Navigate_to_Review_Quote" time="10.64" classname="VF_Quote_Creation_And_Response.LTL_TW_Quote_Seller_Response_Ranking_Basis_Per_Period"/>
  <testcase name="Seller_New_Quote_Search" time="14.665" classname="VF_Quote_Creation_And_Response.LTL_TW_Quote_Seller_Response_Ranking_Basis_Per_Period"/>
  <testcase name="Verify_Quote_status_as_NEW" time="0.077" classname="VF_Quote_Creation_And_Response.LTL_TW_Quote_Seller_Response_Ranking_Basis_Per_Period"/>
  <testcase name="Enter_Delivery_Flat_Fee_And_freight_$_per_gal_in_Quick_response_grid" time="1.106" classname="VF_Quote_Creation_And_Response.LTL_TW_Quote_Seller_Response_Ranking_Basis_Per_Period"/>
  <testcase name="Verify_Quote_status_as_HoldAsDraft" time="0.052" classname="VF_Quote_Creation_And_Response.LTL_TW_Quote_Seller_Response_Ranking_Basis_Per_Period"/>
  <testcase name="Enter_valid_Margin_$_Per_Gal" time="0.653" classname="VF_Quote_Creation_And_Response.LTL_TW_Quote_Seller_Response_Ranking_Basis_Per_Period"/>
  <testcase name="Select_OPIS_State_And_City" time="8.309" classname="VF_Quote_Creation_And_Response.LTL_TW_Quote_Seller_Response_Ranking_Basis_Per_Period"/>
  <testcase name="Set_Product_Category_Values" time="0.821" classname="VF_Quote_Creation_And_Response.LTL_TW_Quote_Seller_Response_Ranking_Basis_Per_Period"/>
  <testcase name="Save_Response_in_Quick_Response" time="4.185" classname="VF_Quote_Creation_And_Response.LTL_TW_Quote_Seller_Response_Ranking_Basis_Per_Period"/>
  <testcase name="Verify_Quote_status_as_ReadytoSubmit" time="0.052" classname="VF_Quote_Creation_And_Response.LTL_TW_Quote_Seller_Response_Ranking_Basis_Per_Period"/>
  <testcase name="Verify_Delivery_Flat_Fee_for_Seller_Freight_Rates_In_TandC" time="7.021" classname="VF_Quote_Creation_And_Response.LTL_TW_Quote_Seller_Response_Ranking_Basis_Per_Period"/>
  <testcase name="Verify_Freight_And_Margin_$_Per_Gallon_for_Seller_Freight_Rates_In_TandC" time="0.274" classname="VF_Quote_Creation_And_Response.LTL_TW_Quote_Seller_Response_Ranking_Basis_Per_Period"/>
  <testcase name="Retrieve_$_Per_Del_Values_From_TandC" time="0.438" classname="VF_Quote_Creation_And_Response.LTL_TW_Quote_Seller_Response_Ranking_Basis_Per_Period"/>
  <testcase name="Retrieve_$_Per_Gal_Values_From_TandC" time="0.361" classname="VF_Quote_Creation_And_Response.LTL_TW_Quote_Seller_Response_Ranking_Basis_Per_Period"/>
  <testcase name="Retrieve_$_Per_Period_Values_From_TandC" time="0.254" classname="VF_Quote_Creation_And_Response.LTL_TW_Quote_Seller_Response_Ranking_Basis_Per_Period"/>
  <testcase name="Verify_Delivery_Flat_Fee_for_Seller_Freight_Rates_In_Workbench" time="3.257" classname="VF_Quote_Creation_And_Response.LTL_TW_Quote_Seller_Response_Ranking_Basis_Per_Period"/>
  <testcase name="Verify_Freight_And_Margin_$_Per_Gallon_for_Seller_Freight_Rates_In_Workbench" time="0.21" classname="VF_Quote_Creation_And_Response.LTL_TW_Quote_Seller_Response_Ranking_Basis_Per_Period"/>
  <testcase name="Verify_$_Per_Del_Values_in_Workbench" time="0.212" classname="VF_Quote_Creation_And_Response.LTL_TW_Quote_Seller_Response_Ranking_Basis_Per_Period"/>
  <testcase name="Verify_$_Per_Gal_Values_in_Workbench" time="0.227" classname="VF_Quote_Creation_And_Response.LTL_TW_Quote_Seller_Response_Ranking_Basis_Per_Period"/>
  <testcase name="Verify_$_Per_Period_Values_in_Workbench" time="0.252" classname="VF_Quote_Creation_And_Response.LTL_TW_Quote_Seller_Response_Ranking_Basis_Per_Period"/>
  <testcase name="check_Publish_To_Buyer_Calculator" time="0.127" classname="VF_Quote_Creation_And_Response.LTL_TW_Quote_Seller_Response_Ranking_Basis_Per_Period"/>
  <testcase name="Get_Values_from_Buyer_Calculator" time="1.475" classname="VF_Quote_Creation_And_Response.LTL_TW_Quote_Seller_Response_Ranking_Basis_Per_Period"/>
  <testcase name="Verify_finaltotal_and_RankingBasis_Values" time="10.643" classname="VF_Quote_Creation_And_Response.LTL_TW_Quote_Seller_Response_Ranking_Basis_Per_Period"/>
  <testcase name="Submit_response" time="6.868" classname="VF_Quote_Creation_And_Response.LTL_TW_Quote_Seller_Response_Ranking_Basis_Per_Period"/>
  <testcase name="verify_Submitted_quote_in_Active" time="24.94" classname="VF_Quote_Creation_And_Response.LTL_TW_Quote_Seller_Response_Ranking_Basis_Per_Period"/>
  <testcase name="Logout_seller" time="1.688" classname="VF_Quote_Creation_And_Response.LTL_TW_Quote_Seller_Response_Ranking_Basis_Per_Period"/>
</testsuite> <!-- Default test -->
