<?xml version="1.0" encoding="UTF-8"?>
<!-- Generated by org.testng.reporters.JUnitXMLReporter -->
<testsuite hostname="Kiran-PC" name="FTL Seller Response $ per Gal" tests="31" failures="0" timestamp="21 Jul 2020 11:27:19 GMT" time="210.244" errors="0">
  <testcase name="Open_Browser" time="14.804" classname="VF_Quote_Creation_And_Response.FTL_Quote_Seller_Response_Ranking_Basis_Per_Gal"/>
  <testcase name="Seller_Login" time="28.783" classname="VF_Quote_Creation_And_Response.FTL_Quote_Seller_Response_Ranking_Basis_Per_Gal"/>
  <testcase name="verify_Seller_login" time="0.602" classname="VF_Quote_Creation_And_Response.FTL_Quote_Seller_Response_Ranking_Basis_Per_Gal"/>
  <testcase name="Navigate_to_Review_Quote" time="14.375" classname="VF_Quote_Creation_And_Response.FTL_Quote_Seller_Response_Ranking_Basis_Per_Gal"/>
  <testcase name="Seller_New_Quote_Search" time="15.79" classname="VF_Quote_Creation_And_Response.FTL_Quote_Seller_Response_Ranking_Basis_Per_Gal"/>
  <testcase name="Verify_Quote_status_as_New" time="0.761" classname="VF_Quote_Creation_And_Response.FTL_Quote_Seller_Response_Ranking_Basis_Per_Gal"/>
  <testcase name="Enter_Tolls_on_Quick_Respose_grid" time="8.687" classname="VF_Quote_Creation_And_Response.FTL_Quote_Seller_Response_Ranking_Basis_Per_Gal"/>
  <testcase name="Verify_Quote_status_as_HoldAsDraft" time="0.058" classname="VF_Quote_Creation_And_Response.FTL_Quote_Seller_Response_Ranking_Basis_Per_Gal"/>
  <testcase name="Enter_data_on_Freight_Per_Gallon_in_Quick_Response_Grid" time="13.057" classname="VF_Quote_Creation_And_Response.FTL_Quote_Seller_Response_Ranking_Basis_Per_Gal"/>
  <testcase name="Enter_FuelSurcharge" time="2.764" classname="VF_Quote_Creation_And_Response.FTL_Quote_Seller_Response_Ranking_Basis_Per_Gal"/>
  <testcase name="save_response_tandc" time="6.102" classname="VF_Quote_Creation_And_Response.FTL_Quote_Seller_Response_Ranking_Basis_Per_Gal"/>
  <testcase name="Verify_Quote_status_as_ReadytoSubmit" time="0.078" classname="VF_Quote_Creation_And_Response.FTL_Quote_Seller_Response_Ranking_Basis_Per_Gal"/>
  <testcase name="verify_FuelSurcharge_AccessorialFees_And_Tolls_data_on_tandc" time="26.522" classname="VF_Quote_Creation_And_Response.FTL_Quote_Seller_Response_Ranking_Basis_Per_Gal"/>
  <testcase name="Verify_Freight_Per_Gallon_Values_in_TandC" time="0.416" classname="VF_Quote_Creation_And_Response.FTL_Quote_Seller_Response_Ranking_Basis_Per_Gal"/>
  <testcase name="Retrieve_Total_charges_Frt_Per_Gallon_Values_From_TandC" time="1.685" classname="VF_Quote_Creation_And_Response.FTL_Quote_Seller_Response_Ranking_Basis_Per_Gal"/>
  <testcase name="Retrieve_$_Per_Period_Values_From_TandC" time="0.547" classname="VF_Quote_Creation_And_Response.FTL_Quote_Seller_Response_Ranking_Basis_Per_Gal"/>
  <testcase name="Retrieve_$_Per_Del_Values_From_TandC" time="0.436" classname="VF_Quote_Creation_And_Response.FTL_Quote_Seller_Response_Ranking_Basis_Per_Gal"/>
  <testcase name="Retrieve_$_Per_Gal_Values_From_TandC" time="1.2" classname="VF_Quote_Creation_And_Response.FTL_Quote_Seller_Response_Ranking_Basis_Per_Gal"/>
  <testcase name="Verify_Fuelsurcharge_And_Accessorial_Service_on_Workbench" time="5.451" classname="VF_Quote_Creation_And_Response.FTL_Quote_Seller_Response_Ranking_Basis_Per_Gal"/>
  <testcase name="Verify_Tolls_in_Workbench" time="0.279" classname="VF_Quote_Creation_And_Response.FTL_Quote_Seller_Response_Ranking_Basis_Per_Gal"/>
  <testcase name="Verify_Freight_Per_Gallon_Values_in_WorkBench" time="0.796" classname="VF_Quote_Creation_And_Response.FTL_Quote_Seller_Response_Ranking_Basis_Per_Gal"/>
  <testcase name="Verify_Total_Charges_Frt_$_Per_Gall_in_Workbench" time="0.668" classname="VF_Quote_Creation_And_Response.FTL_Quote_Seller_Response_Ranking_Basis_Per_Gal"/>
  <testcase name="Verify_$_Per_Period_Values_on_Workbench" time="0.69" classname="VF_Quote_Creation_And_Response.FTL_Quote_Seller_Response_Ranking_Basis_Per_Gal"/>
  <testcase name="Verify_$_Per_del_Values_on_Workbench" time="0.36" classname="VF_Quote_Creation_And_Response.FTL_Quote_Seller_Response_Ranking_Basis_Per_Gal"/>
  <testcase name="Verify_$_Per_Gal_Values_on_Workbench" time="0.372" classname="VF_Quote_Creation_And_Response.FTL_Quote_Seller_Response_Ranking_Basis_Per_Gal"/>
  <testcase name="check_Publish_To_Buyer_Calculator" time="2.624" classname="VF_Quote_Creation_And_Response.FTL_Quote_Seller_Response_Ranking_Basis_Per_Gal"/>
  <testcase name="Get_Values_from_Buyer_Calculator" time="1.596" classname="VF_Quote_Creation_And_Response.FTL_Quote_Seller_Response_Ranking_Basis_Per_Gal"/>
  <testcase name="Verify_finaltotal_and_RankingBasis_Values" time="14.034" classname="VF_Quote_Creation_And_Response.FTL_Quote_Seller_Response_Ranking_Basis_Per_Gal"/>
  <testcase name="Submit_response" time="9.989" classname="VF_Quote_Creation_And_Response.FTL_Quote_Seller_Response_Ranking_Basis_Per_Gal"/>
  <testcase name="verify_Submitted_quote_in_Active" time="27.407" classname="VF_Quote_Creation_And_Response.FTL_Quote_Seller_Response_Ranking_Basis_Per_Gal"/>
  <testcase name="Logout_seller" time="1.888" classname="VF_Quote_Creation_And_Response.FTL_Quote_Seller_Response_Ranking_Basis_Per_Gal"/>
</testsuite> <!-- FTL Seller Response $ per Gal -->
