<?xml version="1.0" encoding="UTF-8"?>
<!-- Generated by org.testng.reporters.JUnitXMLReporter -->
<testsuite hostname="Kiran-PC" name="FTL Seller Response $ per Period" tests="31" failures="0" timestamp="21 Jul 2020 11:38:53 GMT" time="257.893" errors="0">
  <testcase name="Open_Browser" time="31.571" classname="VF_Quote_Creation_And_Response.FTL_Quote_Seller_Response_Ranking_Basis_Per_Period"/>
  <testcase name="Seller_Login" time="18.898" classname="VF_Quote_Creation_And_Response.FTL_Quote_Seller_Response_Ranking_Basis_Per_Period"/>
  <testcase name="verify_Seller_login" time="1.311" classname="VF_Quote_Creation_And_Response.FTL_Quote_Seller_Response_Ranking_Basis_Per_Period"/>
  <testcase name="Navigate_to_Review_Quote" time="10.963" classname="VF_Quote_Creation_And_Response.FTL_Quote_Seller_Response_Ranking_Basis_Per_Period"/>
  <testcase name="Seller_New_Quote_Search" time="17.186" classname="VF_Quote_Creation_And_Response.FTL_Quote_Seller_Response_Ranking_Basis_Per_Period"/>
  <testcase name="Verify_Quote_status_as_New" time="0.596" classname="VF_Quote_Creation_And_Response.FTL_Quote_Seller_Response_Ranking_Basis_Per_Period"/>
  <testcase name="Enter_Tolls_on_Quick_Respose_grid" time="8.926" classname="VF_Quote_Creation_And_Response.FTL_Quote_Seller_Response_Ranking_Basis_Per_Period"/>
  <testcase name="Verify_Quote_status_as_HoldAsDraft" time="0.095" classname="VF_Quote_Creation_And_Response.FTL_Quote_Seller_Response_Ranking_Basis_Per_Period"/>
  <testcase name="Enter_data_on_Freight_Per_Gallon_in_Quick_Response_Grid" time="13.261" classname="VF_Quote_Creation_And_Response.FTL_Quote_Seller_Response_Ranking_Basis_Per_Period"/>
  <testcase name="Enter_FuelSurcharge" time="2.752" classname="VF_Quote_Creation_And_Response.FTL_Quote_Seller_Response_Ranking_Basis_Per_Period"/>
  <testcase name="save_response_tandc" time="6.726" classname="VF_Quote_Creation_And_Response.FTL_Quote_Seller_Response_Ranking_Basis_Per_Period"/>
  <testcase name="Verify_Quote_status_as_ReadytoSubmit" time="0.078" classname="VF_Quote_Creation_And_Response.FTL_Quote_Seller_Response_Ranking_Basis_Per_Period"/>
  <testcase name="verify_FuelSurcharge_AccessorialFees_And_Tolls_data_on_tandc" time="69.614" classname="VF_Quote_Creation_And_Response.FTL_Quote_Seller_Response_Ranking_Basis_Per_Period"/>
  <testcase name="Verify_Freight_Per_Gallon_Values_in_TandC" time="0.424" classname="VF_Quote_Creation_And_Response.FTL_Quote_Seller_Response_Ranking_Basis_Per_Period"/>
  <testcase name="Retrieve_Total_charges_Frt_Per_Gallon_Values_From_TandC" time="1.059" classname="VF_Quote_Creation_And_Response.FTL_Quote_Seller_Response_Ranking_Basis_Per_Period"/>
  <testcase name="Retrieve_$_Per_Period_Values_From_TandC" time="0.632" classname="VF_Quote_Creation_And_Response.FTL_Quote_Seller_Response_Ranking_Basis_Per_Period"/>
  <testcase name="Retrieve_$_Per_Del_Values_From_TandC" time="0.558" classname="VF_Quote_Creation_And_Response.FTL_Quote_Seller_Response_Ranking_Basis_Per_Period"/>
  <testcase name="Retrieve_$_Per_Gal_Values_From_TandC" time="1.068" classname="VF_Quote_Creation_And_Response.FTL_Quote_Seller_Response_Ranking_Basis_Per_Period"/>
  <testcase name="Verify_Fuelsurcharge_And_Accessorial_Service_on_Workbench" time="5.515" classname="VF_Quote_Creation_And_Response.FTL_Quote_Seller_Response_Ranking_Basis_Per_Period"/>
  <testcase name="Verify_Tolls_in_Workbench" time="0.292" classname="VF_Quote_Creation_And_Response.FTL_Quote_Seller_Response_Ranking_Basis_Per_Period"/>
  <testcase name="Verify_Freight_Per_Gallon_Values_in_WorkBench" time="0.989" classname="VF_Quote_Creation_And_Response.FTL_Quote_Seller_Response_Ranking_Basis_Per_Period"/>
  <testcase name="Verify_Total_Charges_Frt_$_Per_Gall_in_Workbench" time="0.956" classname="VF_Quote_Creation_And_Response.FTL_Quote_Seller_Response_Ranking_Basis_Per_Period"/>
  <testcase name="Verify_$_Per_Period_Values_on_Workbench" time="0.767" classname="VF_Quote_Creation_And_Response.FTL_Quote_Seller_Response_Ranking_Basis_Per_Period"/>
  <testcase name="Verify_$_Per_del_Values_on_Workbench" time="0.193" classname="VF_Quote_Creation_And_Response.FTL_Quote_Seller_Response_Ranking_Basis_Per_Period"/>
  <testcase name="Verify_$_Per_Gal_Values_on_Workbench" time="0.2" classname="VF_Quote_Creation_And_Response.FTL_Quote_Seller_Response_Ranking_Basis_Per_Period"/>
  <testcase name="check_Publish_To_Buyer_Calculator" time="2.603" classname="VF_Quote_Creation_And_Response.FTL_Quote_Seller_Response_Ranking_Basis_Per_Period"/>
  <testcase name="Get_Values_from_Buyer_Calculator" time="2.758" classname="VF_Quote_Creation_And_Response.FTL_Quote_Seller_Response_Ranking_Basis_Per_Period"/>
  <testcase name="Verify_finaltotal_and_RankingBasis_Values" time="11.896" classname="VF_Quote_Creation_And_Response.FTL_Quote_Seller_Response_Ranking_Basis_Per_Period"/>
  <testcase name="Submit_response" time="8.866" classname="VF_Quote_Creation_And_Response.FTL_Quote_Seller_Response_Ranking_Basis_Per_Period"/>
  <testcase name="verify_Submitted_quote_in_Active" time="27.58" classname="VF_Quote_Creation_And_Response.FTL_Quote_Seller_Response_Ranking_Basis_Per_Period"/>
  <testcase name="Logout_seller" time="2.141" classname="VF_Quote_Creation_And_Response.FTL_Quote_Seller_Response_Ranking_Basis_Per_Period"/>
</testsuite> <!-- FTL Seller Response $ per Period -->
