<?xml version="1.0" encoding="UTF-8"?>
<!-- Generated by org.testng.reporters.JUnitXMLReporter -->
<testsuite hostname="Kiran-PC" name="FTL Quote Creation Buyer $ per Gal" tests="13" failures="0" timestamp="3 Jun 2020 07:08:24 GMT" time="179.51" errors="0">
  <testcase name="Browser" time="8.177" classname="VF_Quote_Creation_And_Response.FTL_Quote_Creation_Buyer_Ranking_Basis_Per_Gal"/>
  <testcase name="Buyer_Login" time="11.41" classname="VF_Quote_Creation_And_Response.FTL_Quote_Creation_Buyer_Ranking_Basis_Per_Gal"/>
  <testcase name="verify_buyer_login" time="0.642" classname="VF_Quote_Creation_And_Response.FTL_Quote_Creation_Buyer_Ranking_Basis_Per_Gal"/>
  <testcase name="Navigate_to_Create_Or_View_Page" time="5.123" classname="VF_Quote_Creation_And_Response.FTL_Quote_Creation_Buyer_Ranking_Basis_Per_Gal"/>
  <testcase name="Enter_Details_In_Create_Quote" time="6.876" classname="VF_Quote_Creation_And_Response.FTL_Quote_Creation_Buyer_Ranking_Basis_Per_Gal"/>
  <testcase name="Select_Division_And_Delivery_Location" time="10.63" classname="VF_Quote_Creation_And_Response.FTL_Quote_Creation_Buyer_Ranking_Basis_Per_Gal"/>
  <testcase name="Open_Modify" time="8.497" classname="VF_Quote_Creation_And_Response.FTL_Quote_Creation_Buyer_Ranking_Basis_Per_Gal"/>
  <testcase name="Enter_Details_In_Tand" time="74.633" classname="VF_Quote_Creation_And_Response.FTL_Quote_Creation_Buyer_Ranking_Basis_Per_Gal"/>
  <testcase name="Quote_Save_As_Draft" time="8.937" classname="VF_Quote_Creation_And_Response.FTL_Quote_Creation_Buyer_Ranking_Basis_Per_Gal"/>
  <testcase name="Select_Sellers_For_Quote" time="19.435" classname="VF_Quote_Creation_And_Response.FTL_Quote_Creation_Buyer_Ranking_Basis_Per_Gal"/>
  <testcase name="Save_And_Send_Quote_To_Seller" time="8.992" classname="VF_Quote_Creation_And_Response.FTL_Quote_Creation_Buyer_Ranking_Basis_Per_Gal"/>
  <testcase name="Verify_Save_And_Send_Quote_In_Active_Quotes" time="9.256" classname="VF_Quote_Creation_And_Response.FTL_Quote_Creation_Buyer_Ranking_Basis_Per_Gal"/>
  <testcase name="Veify_Buyer_Logout" time="3.729" classname="VF_Quote_Creation_And_Response.FTL_Quote_Creation_Buyer_Ranking_Basis_Per_Gal"/>
</testsuite> <!-- FTL Quote Creation Buyer $ per Gal -->
