<?xml version="1.0" encoding="UTF-8"?>
<!-- Generated by org.testng.reporters.JUnitXMLReporter -->
<testsuite hostname="Kiran-PC" name="FTL Buyer calucation verification for $ per Period" tests="51" failures="0" timestamp="3 Jun 2020 07:21:53 GMT" time="150.869" errors="0">
  <testcase name="Browser" time="7.426" classname="VF_Quote_Creation_And_Response.FTL_Quote_Buyer_Side_Verification_Ranking_Basis_Per_Period"/>
  <testcase name="Buyer_Login" time="11.852" classname="VF_Quote_Creation_And_Response.FTL_Quote_Buyer_Side_Verification_Ranking_Basis_Per_Period"/>
  <testcase name="verify_buyer_login" time="0.06" classname="VF_Quote_Creation_And_Response.FTL_Quote_Buyer_Side_Verification_Ranking_Basis_Per_Period"/>
  <testcase name="Navigate_to_Create_Or_View_Page" time="5.007" classname="VF_Quote_Creation_And_Response.FTL_Quote_Buyer_Side_Verification_Ranking_Basis_Per_Period"/>
  <testcase name="Open_Quote_In_Active_Tab" time="9.26" classname="VF_Quote_Creation_And_Response.FTL_Quote_Buyer_Side_Verification_Ranking_Basis_Per_Period"/>
  <testcase name="Verify_Page_Navigated_To_Delivery_Location" time="1.478" classname="VF_Quote_Creation_And_Response.FTL_Quote_Buyer_Side_Verification_Ranking_Basis_Per_Period"/>
  <testcase name="Open_Delivery_Location_list" time="0.064" classname="VF_Quote_Creation_And_Response.FTL_Quote_Buyer_Side_Verification_Ranking_Basis_Per_Period"/>
  <testcase name="Verify_Page_Is_Navigated_To_Manage_Rounds" time="4.512" classname="VF_Quote_Creation_And_Response.FTL_Quote_Buyer_Side_Verification_Ranking_Basis_Per_Period"/>
  <testcase name="Open_View_in_TandC" time="0.095" classname="VF_Quote_Creation_And_Response.FTL_Quote_Buyer_Side_Verification_Ranking_Basis_Per_Period"/>
  <testcase name="Verify_FuelSurcharge_and_Accessorial_Service_Fees_Per_Delivery_in_TandC" time="6.067" classname="VF_Quote_Creation_And_Response.FTL_Quote_Buyer_Side_Verification_Ranking_Basis_Per_Period"/>
  <testcase name="verify_Tolls_data_on_tandc" time="2.293" classname="VF_Quote_Creation_And_Response.FTL_Quote_Buyer_Side_Verification_Ranking_Basis_Per_Period"/>
  <testcase name="Verify_Freight_Per_Gallon_Values_in_TandC" time="0.566" classname="VF_Quote_Creation_And_Response.FTL_Quote_Buyer_Side_Verification_Ranking_Basis_Per_Period"/>
  <testcase name="Verify_Total_Charges_Frt_$_Per_Gall_in_TandC" time="0.498" classname="VF_Quote_Creation_And_Response.FTL_Quote_Buyer_Side_Verification_Ranking_Basis_Per_Period"/>
  <testcase name="Verify_$_Per_Period_Values_on_TandC" time="0.285" classname="VF_Quote_Creation_And_Response.FTL_Quote_Buyer_Side_Verification_Ranking_Basis_Per_Period"/>
  <testcase name="Verify_$_Per_del_Values_on_TandC" time="0.216" classname="VF_Quote_Creation_And_Response.FTL_Quote_Buyer_Side_Verification_Ranking_Basis_Per_Period"/>
  <testcase name="Verify_$_Per_Gal_Values_on_TandC" time="0.209" classname="VF_Quote_Creation_And_Response.FTL_Quote_Buyer_Side_Verification_Ranking_Basis_Per_Period"/>
  <testcase name="Verify_finaltotal_and_RankingBasis_Values_in_TandC" time="5.36" classname="VF_Quote_Creation_And_Response.FTL_Quote_Buyer_Side_Verification_Ranking_Basis_Per_Period"/>
  <testcase name="Open_Workbench" time="0.158" classname="VF_Quote_Creation_And_Response.FTL_Quote_Buyer_Side_Verification_Ranking_Basis_Per_Period"/>
  <testcase name="Verify_Buyer_Calculations_on_Workbench" time="11.53" classname="VF_Quote_Creation_And_Response.FTL_Quote_Buyer_Side_Verification_Ranking_Basis_Per_Period"/>
  <testcase name="Verify_FuelSurcharge_and_Accesorialfees_in_Workbench" time="2.147" classname="VF_Quote_Creation_And_Response.FTL_Quote_Buyer_Side_Verification_Ranking_Basis_Per_Period"/>
  <testcase name="Verify_Tolls_in_Workbench" time="0.254" classname="VF_Quote_Creation_And_Response.FTL_Quote_Buyer_Side_Verification_Ranking_Basis_Per_Period"/>
  <testcase name="Verify_Freight_Per_Gallon_Values_in_WorkBench" time="0.548" classname="VF_Quote_Creation_And_Response.FTL_Quote_Buyer_Side_Verification_Ranking_Basis_Per_Period"/>
  <testcase name="Verify_Total_Charges_Frt_$_Per_Gall_in_Workbench" time="0.505" classname="VF_Quote_Creation_And_Response.FTL_Quote_Buyer_Side_Verification_Ranking_Basis_Per_Period"/>
  <testcase name="Verify_$_Per_Period_Values_on_Workbench" time="0.73" classname="VF_Quote_Creation_And_Response.FTL_Quote_Buyer_Side_Verification_Ranking_Basis_Per_Period"/>
  <testcase name="Verify_$_Per_del_Values_on_Workbench" time="0.34" classname="VF_Quote_Creation_And_Response.FTL_Quote_Buyer_Side_Verification_Ranking_Basis_Per_Period"/>
  <testcase name="Verify_$_Per_Gal_Values_on_Workbench" time="0.402" classname="VF_Quote_Creation_And_Response.FTL_Quote_Buyer_Side_Verification_Ranking_Basis_Per_Period"/>
  <testcase name="Close_Workbench" time="2.198" classname="VF_Quote_Creation_And_Response.FTL_Quote_Buyer_Side_Verification_Ranking_Basis_Per_Period"/>
  <testcase name="Award_Quote" time="22.318" classname="VF_Quote_Creation_And_Response.FTL_Quote_Buyer_Side_Verification_Ranking_Basis_Per_Period"/>
  <testcase name="Verify_Quote_in_Awarded_Tab" time="5.952" classname="VF_Quote_Creation_And_Response.FTL_Quote_Buyer_Side_Verification_Ranking_Basis_Per_Period"/>
  <testcase name="Open_Awarded_Quote" time="6.73" classname="VF_Quote_Creation_And_Response.FTL_Quote_Buyer_Side_Verification_Ranking_Basis_Per_Period"/>
  <testcase name="Verify_awarded_Quote_Status" time="0.068" classname="VF_Quote_Creation_And_Response.FTL_Quote_Buyer_Side_Verification_Ranking_Basis_Per_Period"/>
  <testcase name="Open_TandC_for_Awarded_Quote" time="0.136" classname="VF_Quote_Creation_And_Response.FTL_Quote_Buyer_Side_Verification_Ranking_Basis_Per_Period"/>
  <testcase name="Verify_FuelSurcharge_and_Accesorialfees_in_TandC_for_Awarded_Quote" time="6.121" classname="VF_Quote_Creation_And_Response.FTL_Quote_Buyer_Side_Verification_Ranking_Basis_Per_Period"/>
  <testcase name="verify_Tolls_data_on_tandc_for_Awarded_Quote" time="2.381" classname="VF_Quote_Creation_And_Response.FTL_Quote_Buyer_Side_Verification_Ranking_Basis_Per_Period"/>
  <testcase name="Verify_Freight_Per_Gallon_Values_in_TandC_for_Awarded_quote" time="0.632" classname="VF_Quote_Creation_And_Response.FTL_Quote_Buyer_Side_Verification_Ranking_Basis_Per_Period"/>
  <testcase name="Verify_Total_Charges_Frt_$_Per_Gall_in_TandC_for_Awarded_quote" time="0.633" classname="VF_Quote_Creation_And_Response.FTL_Quote_Buyer_Side_Verification_Ranking_Basis_Per_Period"/>
  <testcase name="Verify_$_Per_Period_Values_on_TandC_for_Awarded_quote" time="0.253" classname="VF_Quote_Creation_And_Response.FTL_Quote_Buyer_Side_Verification_Ranking_Basis_Per_Period"/>
  <testcase name="Verify_$_Per_del_Values_on_TandC_for_Awarded_quote" time="0.247" classname="VF_Quote_Creation_And_Response.FTL_Quote_Buyer_Side_Verification_Ranking_Basis_Per_Period"/>
  <testcase name="Verify_$_Per_Gal_Values_on_TandC_for_Awarded_quote" time="0.27" classname="VF_Quote_Creation_And_Response.FTL_Quote_Buyer_Side_Verification_Ranking_Basis_Per_Period"/>
  <testcase name="Verify_finaltotal_and_RankingBasis_Values_in_TandC_for_Awarded_quote_for_Awarded_Quote" time="5.352" classname="VF_Quote_Creation_And_Response.FTL_Quote_Buyer_Side_Verification_Ranking_Basis_Per_Period"/>
  <testcase name="Open_Workbench_for_Awarded_quote" time="0.198" classname="VF_Quote_Creation_And_Response.FTL_Quote_Buyer_Side_Verification_Ranking_Basis_Per_Period"/>
  <testcase name="Verify_Buyer_Calculations_on_Workbench_for_Awarded_quote" time="11.081" classname="VF_Quote_Creation_And_Response.FTL_Quote_Buyer_Side_Verification_Ranking_Basis_Per_Period"/>
  <testcase name="Verify_FuelSurcharge_and_Accesorialfees_in_Workbench_for_Awarded_quote" time="2.154" classname="VF_Quote_Creation_And_Response.FTL_Quote_Buyer_Side_Verification_Ranking_Basis_Per_Period"/>
  <testcase name="Verify_Tolls_in_Workbench_for_Awarded_quote" time="0.216" classname="VF_Quote_Creation_And_Response.FTL_Quote_Buyer_Side_Verification_Ranking_Basis_Per_Period"/>
  <testcase name="Verify_Freight_Per_Gallon_Values_in_WorkBench_for_Awarded_quote" time="0.741" classname="VF_Quote_Creation_And_Response.FTL_Quote_Buyer_Side_Verification_Ranking_Basis_Per_Period"/>
  <testcase name="Verify_Total_Charges_Frt_$_Per_Gall_in_Workbench_for_Awarded_quote" time="0.616" classname="VF_Quote_Creation_And_Response.FTL_Quote_Buyer_Side_Verification_Ranking_Basis_Per_Period"/>
  <testcase name="Verify_$_Per_Period_Values_on_Workbench_for_Awarded_quote" time="0.73" classname="VF_Quote_Creation_And_Response.FTL_Quote_Buyer_Side_Verification_Ranking_Basis_Per_Period"/>
  <testcase name="Verify_$_Per_del_Values_on_Workbench_for_Awarded_quote" time="0.427" classname="VF_Quote_Creation_And_Response.FTL_Quote_Buyer_Side_Verification_Ranking_Basis_Per_Period"/>
  <testcase name="Verify_$_Per_Gal_Values_on_Workbench_for_Awarded_quote" time="0.3" classname="VF_Quote_Creation_And_Response.FTL_Quote_Buyer_Side_Verification_Ranking_Basis_Per_Period"/>
  <testcase name="Close_Workbench_for_Awarded_quote" time="2.201" classname="VF_Quote_Creation_And_Response.FTL_Quote_Buyer_Side_Verification_Ranking_Basis_Per_Period"/>
  <testcase name="Veify_Buyer_Logout" time="3.817" classname="VF_Quote_Creation_And_Response.FTL_Quote_Buyer_Side_Verification_Ranking_Basis_Per_Period"/>
</testsuite> <!-- FTL Buyer calucation verification for $ per Period -->
