<?xml version="1.0" encoding="UTF-8"?>
<!-- Generated by org.testng.reporters.JUnitXMLReporter -->
<testsuite hostname="Kiran-PC" name="FTL Quote Creation Buyer $ per Period" tests="13" failures="0" timestamp="3 Jun 2020 07:16:44 GMT" time="173.248" errors="0">
  <testcase name="Browser" time="7.938" classname="VF_Quote_Creation_And_Response.FTL_Quote_Creation_Buyer_Ranking_Basis_Per_Period"/>
  <testcase name="Buyer_Login" time="10.746" classname="VF_Quote_Creation_And_Response.FTL_Quote_Creation_Buyer_Ranking_Basis_Per_Period"/>
  <testcase name="verify_buyer_login" time="0.583" classname="VF_Quote_Creation_And_Response.FTL_Quote_Creation_Buyer_Ranking_Basis_Per_Period"/>
  <testcase name="Navigate_to_Create_Or_View_Page" time="4.869" classname="VF_Quote_Creation_And_Response.FTL_Quote_Creation_Buyer_Ranking_Basis_Per_Period"/>
  <testcase name="Enter_Details_In_Create_Quote" time="5.925" classname="VF_Quote_Creation_And_Response.FTL_Quote_Creation_Buyer_Ranking_Basis_Per_Period"/>
  <testcase name="Select_Division_And_Delivery_Location" time="10.417" classname="VF_Quote_Creation_And_Response.FTL_Quote_Creation_Buyer_Ranking_Basis_Per_Period"/>
  <testcase name="Open_Modify" time="7.89" classname="VF_Quote_Creation_And_Response.FTL_Quote_Creation_Buyer_Ranking_Basis_Per_Period"/>
  <testcase name="Enter_Details_In_Tand" time="71.344" classname="VF_Quote_Creation_And_Response.FTL_Quote_Creation_Buyer_Ranking_Basis_Per_Period"/>
  <testcase name="Quote_Save_As_Draft" time="9.094" classname="VF_Quote_Creation_And_Response.FTL_Quote_Creation_Buyer_Ranking_Basis_Per_Period"/>
  <testcase name="Select_Sellers_For_Quote" time="19.206" classname="VF_Quote_Creation_And_Response.FTL_Quote_Creation_Buyer_Ranking_Basis_Per_Period"/>
  <testcase name="Save_And_Send_Quote_To_Seller" time="9.014" classname="VF_Quote_Creation_And_Response.FTL_Quote_Creation_Buyer_Ranking_Basis_Per_Period"/>
  <testcase name="Verify_Save_And_Send_Quote_In_Active_Quotes" time="9.4" classname="VF_Quote_Creation_And_Response.FTL_Quote_Creation_Buyer_Ranking_Basis_Per_Period"/>
  <testcase name="Veify_Buyer_Logout" time="3.696" classname="VF_Quote_Creation_And_Response.FTL_Quote_Creation_Buyer_Ranking_Basis_Per_Period"/>
</testsuite> <!-- FTL Quote Creation Buyer $ per Period -->
