<?xml version="1.0" encoding="UTF-8"?>
<!-- Generated by org.testng.reporters.JUnitXMLReporter -->
<testsuite hostname="Kiran-PC" name="FTL Seller Response $ per Gal" tests="31" failures="0" timestamp="18 Jul 2020 12:15:13 GMT" time="300.907" errors="0">
  <testcase name="Open_Browser" time="36.241" classname="VF_Quote_Creation_And_Response.FTL_Quote_Seller_Response_Ranking_Basis_Per_Gal"/>
  <testcase name="Seller_Login" time="26.571" classname="VF_Quote_Creation_And_Response.FTL_Quote_Seller_Response_Ranking_Basis_Per_Gal"/>
  <testcase name="verify_Seller_login" time="0.598" classname="VF_Quote_Creation_And_Response.FTL_Quote_Seller_Response_Ranking_Basis_Per_Gal"/>
  <testcase name="Navigate_to_Review_Quote" time="48.624" classname="VF_Quote_Creation_And_Response.FTL_Quote_Seller_Response_Ranking_Basis_Per_Gal"/>
  <testcase name="Seller_New_Quote_Search" time="20.181" classname="VF_Quote_Creation_And_Response.FTL_Quote_Seller_Response_Ranking_Basis_Per_Gal"/>
  <testcase name="Verify_Quote_status_as_New" time="0.599" classname="VF_Quote_Creation_And_Response.FTL_Quote_Seller_Response_Ranking_Basis_Per_Gal"/>
  <testcase name="Enter_Tolls_on_Quick_Respose_grid" time="8.059" classname="VF_Quote_Creation_And_Response.FTL_Quote_Seller_Response_Ranking_Basis_Per_Gal"/>
  <testcase name="Verify_Quote_status_as_HoldAsDraft" time="0.067" classname="VF_Quote_Creation_And_Response.FTL_Quote_Seller_Response_Ranking_Basis_Per_Gal"/>
  <testcase name="Enter_data_on_Freight_Per_Gallon_in_Quick_Response_Grid" time="11.922" classname="VF_Quote_Creation_And_Response.FTL_Quote_Seller_Response_Ranking_Basis_Per_Gal"/>
  <testcase name="Enter_FuelSurcharge" time="2.731" classname="VF_Quote_Creation_And_Response.FTL_Quote_Seller_Response_Ranking_Basis_Per_Gal"/>
  <testcase name="save_response_tandc" time="6.82" classname="VF_Quote_Creation_And_Response.FTL_Quote_Seller_Response_Ranking_Basis_Per_Gal"/>
  <testcase name="Verify_Quote_status_as_ReadytoSubmit" time="0.092" classname="VF_Quote_Creation_And_Response.FTL_Quote_Seller_Response_Ranking_Basis_Per_Gal"/>
  <testcase name="verify_FuelSurcharge_AccessorialFees_And_Tolls_data_on_tandc" time="65.502" classname="VF_Quote_Creation_And_Response.FTL_Quote_Seller_Response_Ranking_Basis_Per_Gal"/>
  <testcase name="Verify_Freight_Per_Gallon_Values_in_TandC" time="0.828" classname="VF_Quote_Creation_And_Response.FTL_Quote_Seller_Response_Ranking_Basis_Per_Gal"/>
  <testcase name="Retrieve_Total_charges_Frt_Per_Gallon_Values_From_TandC" time="1.035" classname="VF_Quote_Creation_And_Response.FTL_Quote_Seller_Response_Ranking_Basis_Per_Gal"/>
  <testcase name="Retrieve_$_Per_Period_Values_From_TandC" time="0.56" classname="VF_Quote_Creation_And_Response.FTL_Quote_Seller_Response_Ranking_Basis_Per_Gal"/>
  <testcase name="Retrieve_$_Per_Del_Values_From_TandC" time="0.43" classname="VF_Quote_Creation_And_Response.FTL_Quote_Seller_Response_Ranking_Basis_Per_Gal"/>
  <testcase name="Retrieve_$_Per_Gal_Values_From_TandC" time="0.993" classname="VF_Quote_Creation_And_Response.FTL_Quote_Seller_Response_Ranking_Basis_Per_Gal"/>
  <testcase name="Verify_Fuelsurcharge_And_Accessorial_Service_on_Workbench" time="5.46" classname="VF_Quote_Creation_And_Response.FTL_Quote_Seller_Response_Ranking_Basis_Per_Gal"/>
  <testcase name="Verify_Tolls_in_Workbench" time="0.185" classname="VF_Quote_Creation_And_Response.FTL_Quote_Seller_Response_Ranking_Basis_Per_Gal"/>
  <testcase name="Verify_Freight_Per_Gallon_Values_in_WorkBench" time="0.748" classname="VF_Quote_Creation_And_Response.FTL_Quote_Seller_Response_Ranking_Basis_Per_Gal"/>
  <testcase name="Verify_Total_Charges_Frt_$_Per_Gall_in_Workbench" time="0.801" classname="VF_Quote_Creation_And_Response.FTL_Quote_Seller_Response_Ranking_Basis_Per_Gal"/>
  <testcase name="Verify_$_Per_Period_Values_on_Workbench" time="0.997" classname="VF_Quote_Creation_And_Response.FTL_Quote_Seller_Response_Ranking_Basis_Per_Gal"/>
  <testcase name="Verify_$_Per_del_Values_on_Workbench" time="0.376" classname="VF_Quote_Creation_And_Response.FTL_Quote_Seller_Response_Ranking_Basis_Per_Gal"/>
  <testcase name="Verify_$_Per_Gal_Values_on_Workbench" time="0.339" classname="VF_Quote_Creation_And_Response.FTL_Quote_Seller_Response_Ranking_Basis_Per_Gal"/>
  <testcase name="check_Publish_To_Buyer_Calculator" time="2.586" classname="VF_Quote_Creation_And_Response.FTL_Quote_Seller_Response_Ranking_Basis_Per_Gal"/>
  <testcase name="Get_Values_from_Buyer_Calculator" time="1.669" classname="VF_Quote_Creation_And_Response.FTL_Quote_Seller_Response_Ranking_Basis_Per_Gal"/>
  <testcase name="Verify_finaltotal_and_RankingBasis_Values" time="11.858" classname="VF_Quote_Creation_And_Response.FTL_Quote_Seller_Response_Ranking_Basis_Per_Gal"/>
  <testcase name="Submit_response" time="8.813" classname="VF_Quote_Creation_And_Response.FTL_Quote_Seller_Response_Ranking_Basis_Per_Gal"/>
  <testcase name="verify_Submitted_quote_in_Active" time="25.372" classname="VF_Quote_Creation_And_Response.FTL_Quote_Seller_Response_Ranking_Basis_Per_Gal"/>
  <testcase name="Logout_seller" time="2.41" classname="VF_Quote_Creation_And_Response.FTL_Quote_Seller_Response_Ranking_Basis_Per_Gal"/>
</testsuite> <!-- FTL Seller Response $ per Gal -->
