<?xml version="1.0" encoding="UTF-8"?>
<!-- Generated by org.testng.reporters.JUnitXMLReporter -->
<testsuite hostname="Kiran-PC" name="LTL TW Quote Creation Buyer $ per Del" tests="14" failures="0" timestamp="2 Jun 2020 06:41:11 GMT" time="121.837" errors="0">
  <testcase name="Browser" time="8.949" classname="VF_Quote_Creation_And_Response.LTL_TW_Quote_Creation_Buyer_Ranking_Basis_Per_Del"/>
  <testcase name="Buyer_Login" time="9.797" classname="VF_Quote_Creation_And_Response.LTL_TW_Quote_Creation_Buyer_Ranking_Basis_Per_Del"/>
  <testcase name="verify_buyer_login" time="0.674" classname="VF_Quote_Creation_And_Response.LTL_TW_Quote_Creation_Buyer_Ranking_Basis_Per_Del"/>
  <testcase name="Navigate_to_Create_Or_View_Page" time="4.838" classname="VF_Quote_Creation_And_Response.LTL_TW_Quote_Creation_Buyer_Ranking_Basis_Per_Del"/>
  <testcase name="Enter_Details_In_Create_Quote" time="5.775" classname="VF_Quote_Creation_And_Response.LTL_TW_Quote_Creation_Buyer_Ranking_Basis_Per_Del"/>
  <testcase name="Select_Division_And_Delivery_Location" time="6.183" classname="VF_Quote_Creation_And_Response.LTL_TW_Quote_Creation_Buyer_Ranking_Basis_Per_Del"/>
  <testcase name="Open_Modify" time="7.176" classname="VF_Quote_Creation_And_Response.LTL_TW_Quote_Creation_Buyer_Ranking_Basis_Per_Del"/>
  <testcase name="Enter_Details_In_Tand" time="27.967" classname="VF_Quote_Creation_And_Response.LTL_TW_Quote_Creation_Buyer_Ranking_Basis_Per_Del"/>
  <testcase name="Select_Payment_and_Service_Schedule_Pattern_in_TandC" time="6.582" classname="VF_Quote_Creation_And_Response.LTL_TW_Quote_Creation_Buyer_Ranking_Basis_Per_Del"/>
  <testcase name="Quote_Save_As_Draft" time="7.562" classname="VF_Quote_Creation_And_Response.LTL_TW_Quote_Creation_Buyer_Ranking_Basis_Per_Del"/>
  <testcase name="Select_Sellers_for_Draft_Quote" time="14.003" classname="VF_Quote_Creation_And_Response.LTL_TW_Quote_Creation_Buyer_Ranking_Basis_Per_Del"/>
  <testcase name="Save_And_Send_Draft_Quote" time="8.44" classname="VF_Quote_Creation_And_Response.LTL_TW_Quote_Creation_Buyer_Ranking_Basis_Per_Del"/>
  <testcase name="Verify_Save_And_Send_Quote_in_Active_tab" time="6.13" classname="VF_Quote_Creation_And_Response.LTL_TW_Quote_Creation_Buyer_Ranking_Basis_Per_Del"/>
  <testcase name="Logout_Buyer" time="3.722" classname="VF_Quote_Creation_And_Response.LTL_TW_Quote_Creation_Buyer_Ranking_Basis_Per_Del"/>
</testsuite> <!-- LTL TW Quote Creation Buyer $ per Del -->
