<?xml version="1.0" encoding="UTF-8"?>
<!-- Generated by org.testng.reporters.JUnitXMLReporter -->
<testsuite hostname="Kiran-PC" name="LTL MF Quote Creation Buyer $ per Del" tests="14" failures="0" timestamp="1 Jun 2020 12:02:36 GMT" time="162.818" errors="0">
  <testcase name="Browser" time="11.454" classname="VF_Quote_Creation_And_Response.LTL_MF_Quote_Creation_Buyer_Ranking_Basis_Per_Del"/>
  <testcase name="Buyer_Login" time="12.086" classname="VF_Quote_Creation_And_Response.LTL_MF_Quote_Creation_Buyer_Ranking_Basis_Per_Del"/>
  <testcase name="verify_buyer_login" time="0.894" classname="VF_Quote_Creation_And_Response.LTL_MF_Quote_Creation_Buyer_Ranking_Basis_Per_Del"/>
  <testcase name="Navigate_to_Create_Or_View_Page" time="5.437" classname="VF_Quote_Creation_And_Response.LTL_MF_Quote_Creation_Buyer_Ranking_Basis_Per_Del"/>
  <testcase name="Enter_Details_In_Create_Quote" time="8.263" classname="VF_Quote_Creation_And_Response.LTL_MF_Quote_Creation_Buyer_Ranking_Basis_Per_Del"/>
  <testcase name="Select_Division_And_Delivery_Location" time="8.491" classname="VF_Quote_Creation_And_Response.LTL_MF_Quote_Creation_Buyer_Ranking_Basis_Per_Del"/>
  <testcase name="Open_Modify" time="8.45" classname="VF_Quote_Creation_And_Response.LTL_MF_Quote_Creation_Buyer_Ranking_Basis_Per_Del"/>
  <testcase name="Enter_Details_In_Tand" time="50.738" classname="VF_Quote_Creation_And_Response.LTL_MF_Quote_Creation_Buyer_Ranking_Basis_Per_Del"/>
  <testcase name="Select_Payment_and_Service_Schedule_Pattern_in_TandC" time="7.939" classname="VF_Quote_Creation_And_Response.LTL_MF_Quote_Creation_Buyer_Ranking_Basis_Per_Del"/>
  <testcase name="Quote_Save_As_Draft" time="8.618" classname="VF_Quote_Creation_And_Response.LTL_MF_Quote_Creation_Buyer_Ranking_Basis_Per_Del"/>
  <testcase name="Select_Sellers_for_Draft_Quote" time="16.484" classname="VF_Quote_Creation_And_Response.LTL_MF_Quote_Creation_Buyer_Ranking_Basis_Per_Del"/>
  <testcase name="Save_And_Send_Draft_Quote" time="8.962" classname="VF_Quote_Creation_And_Response.LTL_MF_Quote_Creation_Buyer_Ranking_Basis_Per_Del"/>
  <testcase name="Verify_Save_And_Send_Quote_in_Active_tab" time="6.74" classname="VF_Quote_Creation_And_Response.LTL_MF_Quote_Creation_Buyer_Ranking_Basis_Per_Del"/>
  <testcase name="Logout_Buyer" time="3.94" classname="VF_Quote_Creation_And_Response.LTL_MF_Quote_Creation_Buyer_Ranking_Basis_Per_Del"/>
</testsuite> <!-- LTL MF Quote Creation Buyer $ per Del -->
