<?xml version="1.0" encoding="UTF-8"?>
<!-- Generated by org.testng.reporters.JUnitXMLReporter -->
<testsuite hostname="Kiran-PC" name="LTL TW Seller Response $ per Period" tests="29" failures="0" timestamp="3 Jun 2020 06:52:18 GMT" time="118.776" errors="0">
  <testcase name="Open_Browser" time="8.322" classname="VF_Quote_Creation_And_Response.LTL_TW_Quote_Seller_Response_Ranking_Basis_Per_Period"/>
  <testcase name="Seller_Login" time="9.472" classname="VF_Quote_Creation_And_Response.LTL_TW_Quote_Seller_Response_Ranking_Basis_Per_Period"/>
  <testcase name="verify_Seller_login" time="0.598" classname="VF_Quote_Creation_And_Response.LTL_TW_Quote_Seller_Response_Ranking_Basis_Per_Period"/>
  <testcase name="Navigate_to_Review_Quote" time="9.623" classname="VF_Quote_Creation_And_Response.LTL_TW_Quote_Seller_Response_Ranking_Basis_Per_Period"/>
  <testcase name="Seller_New_Quote_Search" time="15.756" classname="VF_Quote_Creation_And_Response.LTL_TW_Quote_Seller_Response_Ranking_Basis_Per_Period"/>
  <testcase name="Verify_Quote_status_as_NEW" time="0.086" classname="VF_Quote_Creation_And_Response.LTL_TW_Quote_Seller_Response_Ranking_Basis_Per_Period"/>
  <testcase name="Enter_Delivery_Flat_Fee_And_freight_$_per_gal_in_Quick_response_grid" time="0.98" classname="VF_Quote_Creation_And_Response.LTL_TW_Quote_Seller_Response_Ranking_Basis_Per_Period"/>
  <testcase name="Verify_Quote_status_as_HoldAsDraft" time="0.058" classname="VF_Quote_Creation_And_Response.LTL_TW_Quote_Seller_Response_Ranking_Basis_Per_Period"/>
  <testcase name="Enter_valid_Margin_$_Per_Gal" time="0.62" classname="VF_Quote_Creation_And_Response.LTL_TW_Quote_Seller_Response_Ranking_Basis_Per_Period"/>
  <testcase name="Select_OPIS_State_And_City" time="8.331" classname="VF_Quote_Creation_And_Response.LTL_TW_Quote_Seller_Response_Ranking_Basis_Per_Period"/>
  <testcase name="Set_Product_Category_Values" time="0.23" classname="VF_Quote_Creation_And_Response.LTL_TW_Quote_Seller_Response_Ranking_Basis_Per_Period"/>
  <testcase name="Save_Response_in_Quick_Response" time="4.207" classname="VF_Quote_Creation_And_Response.LTL_TW_Quote_Seller_Response_Ranking_Basis_Per_Period"/>
  <testcase name="Verify_Quote_status_as_ReadytoSubmit" time="0.079" classname="VF_Quote_Creation_And_Response.LTL_TW_Quote_Seller_Response_Ranking_Basis_Per_Period"/>
  <testcase name="Verify_Delivery_Flat_Fee_for_Seller_Freight_Rates_In_TandC" time="7.334" classname="VF_Quote_Creation_And_Response.LTL_TW_Quote_Seller_Response_Ranking_Basis_Per_Period"/>
  <testcase name="Verify_Freight_And_Margin_$_Per_Gallon_for_Seller_Freight_Rates_In_TandC" time="0.228" classname="VF_Quote_Creation_And_Response.LTL_TW_Quote_Seller_Response_Ranking_Basis_Per_Period"/>
  <testcase name="Retrieve_$_Per_Del_Values_From_TandC" time="0.229" classname="VF_Quote_Creation_And_Response.LTL_TW_Quote_Seller_Response_Ranking_Basis_Per_Period"/>
  <testcase name="Retrieve_$_Per_Gal_Values_From_TandC" time="0.284" classname="VF_Quote_Creation_And_Response.LTL_TW_Quote_Seller_Response_Ranking_Basis_Per_Period"/>
  <testcase name="Retrieve_$_Per_Period_Values_From_TandC" time="0.216" classname="VF_Quote_Creation_And_Response.LTL_TW_Quote_Seller_Response_Ranking_Basis_Per_Period"/>
  <testcase name="Verify_Delivery_Flat_Fee_for_Seller_Freight_Rates_In_Workbench" time="3.05" classname="VF_Quote_Creation_And_Response.LTL_TW_Quote_Seller_Response_Ranking_Basis_Per_Period"/>
  <testcase name="Verify_Freight_And_Margin_$_Per_Gallon_for_Seller_Freight_Rates_In_Workbench" time="0.196" classname="VF_Quote_Creation_And_Response.LTL_TW_Quote_Seller_Response_Ranking_Basis_Per_Period"/>
  <testcase name="Verify_$_Per_Del_Values_in_Workbench" time="0.231" classname="VF_Quote_Creation_And_Response.LTL_TW_Quote_Seller_Response_Ranking_Basis_Per_Period"/>
  <testcase name="Verify_$_Per_Gal_Values_in_Workbench" time="0.223" classname="VF_Quote_Creation_And_Response.LTL_TW_Quote_Seller_Response_Ranking_Basis_Per_Period"/>
  <testcase name="Verify_$_Per_Period_Values_in_Workbench" time="0.206" classname="VF_Quote_Creation_And_Response.LTL_TW_Quote_Seller_Response_Ranking_Basis_Per_Period"/>
  <testcase name="check_Publish_To_Buyer_Calculator" time="0.136" classname="VF_Quote_Creation_And_Response.LTL_TW_Quote_Seller_Response_Ranking_Basis_Per_Period"/>
  <testcase name="Get_Values_from_Buyer_Calculator" time="1.308" classname="VF_Quote_Creation_And_Response.LTL_TW_Quote_Seller_Response_Ranking_Basis_Per_Period"/>
  <testcase name="Verify_finaltotal_and_RankingBasis_Values" time="10.782" classname="VF_Quote_Creation_And_Response.LTL_TW_Quote_Seller_Response_Ranking_Basis_Per_Period"/>
  <testcase name="Submit_response" time="6.44" classname="VF_Quote_Creation_And_Response.LTL_TW_Quote_Seller_Response_Ranking_Basis_Per_Period"/>
  <testcase name="verify_Submitted_quote_in_Active" time="24.87" classname="VF_Quote_Creation_And_Response.LTL_TW_Quote_Seller_Response_Ranking_Basis_Per_Period"/>
  <testcase name="Logout_seller" time="1.599" classname="VF_Quote_Creation_And_Response.LTL_TW_Quote_Seller_Response_Ranking_Basis_Per_Period"/>
</testsuite> <!-- LTL TW Seller Response $ per Period -->
