<?xml version="1.0" encoding="UTF-8"?>
<!-- Generated by org.testng.reporters.JUnitXMLReporter -->
<testsuite hostname="Kiran-PC" name="LTL MF Quote Seller Response $ per Del" tests="29" failures="0" timestamp="1 Jun 2020 12:04:47 GMT" time="130.807" errors="0">
  <testcase name="Open_Browser" time="8.466" classname="VF_Quote_Creation_And_Response.LTL_MF_Quote_Seller_Response_Ranking_Basis_Per_Del"/>
  <testcase name="Seller_Login" time="9.32" classname="VF_Quote_Creation_And_Response.LTL_MF_Quote_Seller_Response_Ranking_Basis_Per_Del"/>
  <testcase name="verify_Seller_login" time="1.322" classname="VF_Quote_Creation_And_Response.LTL_MF_Quote_Seller_Response_Ranking_Basis_Per_Del"/>
  <testcase name="Navigate_to_Review_Quote" time="11.144" classname="VF_Quote_Creation_And_Response.LTL_MF_Quote_Seller_Response_Ranking_Basis_Per_Del"/>
  <testcase name="Seller_New_Quote_Search" time="16.691" classname="VF_Quote_Creation_And_Response.LTL_MF_Quote_Seller_Response_Ranking_Basis_Per_Del"/>
  <testcase name="Verify_Quote_status_as_NEW" time="0.086" classname="VF_Quote_Creation_And_Response.LTL_MF_Quote_Seller_Response_Ranking_Basis_Per_Del"/>
  <testcase name="Enter_Delivery_Flat_Fee_And_freight_$_per_gal_in_Quick_response_grid" time="1.198" classname="VF_Quote_Creation_And_Response.LTL_MF_Quote_Seller_Response_Ranking_Basis_Per_Del"/>
  <testcase name="Verify_Quote_status_as_HoldAsDraft" time="0.128" classname="VF_Quote_Creation_And_Response.LTL_MF_Quote_Seller_Response_Ranking_Basis_Per_Del"/>
  <testcase name="Enter_valid_Margin_$_Per_Gal" time="0.703" classname="VF_Quote_Creation_And_Response.LTL_MF_Quote_Seller_Response_Ranking_Basis_Per_Del"/>
  <testcase name="Select_OPIS_State_And_City" time="9.127" classname="VF_Quote_Creation_And_Response.LTL_MF_Quote_Seller_Response_Ranking_Basis_Per_Del"/>
  <testcase name="Set_Product_Category_Values" time="0.983" classname="VF_Quote_Creation_And_Response.LTL_MF_Quote_Seller_Response_Ranking_Basis_Per_Del"/>
  <testcase name="Save_Response_in_Quick_Response" time="4.269" classname="VF_Quote_Creation_And_Response.LTL_MF_Quote_Seller_Response_Ranking_Basis_Per_Del"/>
  <testcase name="Verify_Quote_status_as_ReadytoSubmit" time="0.155" classname="VF_Quote_Creation_And_Response.LTL_MF_Quote_Seller_Response_Ranking_Basis_Per_Del"/>
  <testcase name="Verify_Delivery_Flat_Fee_for_Seller_Freight_Rates_In_TandC" time="9.391" classname="VF_Quote_Creation_And_Response.LTL_MF_Quote_Seller_Response_Ranking_Basis_Per_Del"/>
  <testcase name="Verify_Freight_And_Margin_$_Per_Gallon_for_Seller_Freight_Rates_In_TandC" time="0.216" classname="VF_Quote_Creation_And_Response.LTL_MF_Quote_Seller_Response_Ranking_Basis_Per_Del"/>
  <testcase name="Retrieve_$_Per_Del_Values_From_TandC" time="0.433" classname="VF_Quote_Creation_And_Response.LTL_MF_Quote_Seller_Response_Ranking_Basis_Per_Del"/>
  <testcase name="Retrieve_$_Per_Gal_Values_From_TandC" time="0.342" classname="VF_Quote_Creation_And_Response.LTL_MF_Quote_Seller_Response_Ranking_Basis_Per_Del"/>
  <testcase name="Retrieve_$_Per_Period_Values_From_TandC" time="0.446" classname="VF_Quote_Creation_And_Response.LTL_MF_Quote_Seller_Response_Ranking_Basis_Per_Del"/>
  <testcase name="Verify_Delivery_Flat_Fee_for_Seller_Freight_Rates_In_Workbench" time="2.822" classname="VF_Quote_Creation_And_Response.LTL_MF_Quote_Seller_Response_Ranking_Basis_Per_Del"/>
  <testcase name="Verify_Freight_And_Margin_$_Per_Gallon_for_Seller_Freight_Rates_In_Workbench" time="0.287" classname="VF_Quote_Creation_And_Response.LTL_MF_Quote_Seller_Response_Ranking_Basis_Per_Del"/>
  <testcase name="Verify_$_Per_Del_Values_in_Workbench" time="0.333" classname="VF_Quote_Creation_And_Response.LTL_MF_Quote_Seller_Response_Ranking_Basis_Per_Del"/>
  <testcase name="Verify_$_Per_Gal_Values_in_Workbench" time="0.235" classname="VF_Quote_Creation_And_Response.LTL_MF_Quote_Seller_Response_Ranking_Basis_Per_Del"/>
  <testcase name="Verify_$_Per_Period_Values_in_Workbench" time="0.211" classname="VF_Quote_Creation_And_Response.LTL_MF_Quote_Seller_Response_Ranking_Basis_Per_Del"/>
  <testcase name="check_Publish_To_Buyer_Calculator" time="2.693" classname="VF_Quote_Creation_And_Response.LTL_MF_Quote_Seller_Response_Ranking_Basis_Per_Del"/>
  <testcase name="Get_Values_from_Buyer_Calculator" time="1.346" classname="VF_Quote_Creation_And_Response.LTL_MF_Quote_Seller_Response_Ranking_Basis_Per_Del"/>
  <testcase name="Verify_finaltotal_and_RankingBasis_Values" time="11.078" classname="VF_Quote_Creation_And_Response.LTL_MF_Quote_Seller_Response_Ranking_Basis_Per_Del"/>
  <testcase name="Submit_response" time="6.932" classname="VF_Quote_Creation_And_Response.LTL_MF_Quote_Seller_Response_Ranking_Basis_Per_Del"/>
  <testcase name="verify_Submitted_quote_in_Active" time="24.807" classname="VF_Quote_Creation_And_Response.LTL_MF_Quote_Seller_Response_Ranking_Basis_Per_Del"/>
  <testcase name="Logout_seller" time="2.131" classname="VF_Quote_Creation_And_Response.LTL_MF_Quote_Seller_Response_Ranking_Basis_Per_Del"/>
</testsuite> <!-- LTL MF Quote Seller Response $ per Del -->
