<?xml version="1.0" encoding="UTF-8"?>
<!-- Generated by org.testng.reporters.JUnitXMLReporter -->
<testsuite hostname="Kiran-PC" name="LTL MF Quote Creation Buyer $ per Gal" tests="14" failures="0" timestamp="1 Jun 2020 12:09:12 GMT" time="135.364" errors="0">
  <testcase name="Browser" time="7.668" classname="VF_Quote_Creation_And_Response.LTL_MF_Quote_Creation_Buyer_Ranking_Basis_Per_Gal"/>
  <testcase name="Buyer_Login" time="9.995" classname="VF_Quote_Creation_And_Response.LTL_MF_Quote_Creation_Buyer_Ranking_Basis_Per_Gal"/>
  <testcase name="verify_buyer_login" time="1.209" classname="VF_Quote_Creation_And_Response.LTL_MF_Quote_Creation_Buyer_Ranking_Basis_Per_Gal"/>
  <testcase name="Navigate_to_Create_Or_View_Page" time="5.464" classname="VF_Quote_Creation_And_Response.LTL_MF_Quote_Creation_Buyer_Ranking_Basis_Per_Gal"/>
  <testcase name="Enter_Details_In_Create_Quote" time="8.325" classname="VF_Quote_Creation_And_Response.LTL_MF_Quote_Creation_Buyer_Ranking_Basis_Per_Gal"/>
  <testcase name="Select_Division_And_Delivery_Location" time="7.935" classname="VF_Quote_Creation_And_Response.LTL_MF_Quote_Creation_Buyer_Ranking_Basis_Per_Gal"/>
  <testcase name="Open_Modify" time="12.877" classname="VF_Quote_Creation_And_Response.LTL_MF_Quote_Creation_Buyer_Ranking_Basis_Per_Gal"/>
  <testcase name="Enter_Details_In_Tand" time="49.363" classname="VF_Quote_Creation_And_Response.LTL_MF_Quote_Creation_Buyer_Ranking_Basis_Per_Gal"/>
  <testcase name="Select_Payment_and_Service_Schedule_Pattern_in_TandC" time="8.194" classname="VF_Quote_Creation_And_Response.LTL_MF_Quote_Creation_Buyer_Ranking_Basis_Per_Gal"/>
  <testcase name="Quote_Save_As_Draft" time="8.921" classname="VF_Quote_Creation_And_Response.LTL_MF_Quote_Creation_Buyer_Ranking_Basis_Per_Gal"/>
  <testcase name="Select_Sellers_for_Draft_Quote" time="7.144" classname="VF_Quote_Creation_And_Response.LTL_MF_Quote_Creation_Buyer_Ranking_Basis_Per_Gal"/>
  <testcase name="Save_And_Send_Draft_Quote" time="4.885" classname="VF_Quote_Creation_And_Response.LTL_MF_Quote_Creation_Buyer_Ranking_Basis_Per_Gal"/>
  <testcase name="Verify_Save_And_Send_Quote_in_Active_tab" time="0.008" classname="VF_Quote_Creation_And_Response.LTL_MF_Quote_Creation_Buyer_Ranking_Basis_Per_Gal"/>
  <testcase name="Logout_Buyer" time="0.004" classname="VF_Quote_Creation_And_Response.LTL_MF_Quote_Creation_Buyer_Ranking_Basis_Per_Gal"/>
</testsuite> <!-- LTL MF Quote Creation Buyer $ per Gal -->
