<?xml version="1.0" encoding="UTF-8"?>
<!-- Generated by org.testng.reporters.JUnitXMLReporter -->
<testsuite hostname="Kiran-PC" name="LTL TW Quote Creation Buyer $ per Gal" tests="14" failures="0" timestamp="2 Jun 2020 06:43:11 GMT" time="120.203" errors="0">
  <testcase name="Browser" time="7.673" classname="VF_Quote_Creation_And_Response.LTL_TW_Quote_Creation_Buyer_Ranking_Basis_Per_Gal"/>
  <testcase name="Buyer_Login" time="9.296" classname="VF_Quote_Creation_And_Response.LTL_TW_Quote_Creation_Buyer_Ranking_Basis_Per_Gal"/>
  <testcase name="verify_buyer_login" time="0.582" classname="VF_Quote_Creation_And_Response.LTL_TW_Quote_Creation_Buyer_Ranking_Basis_Per_Gal"/>
  <testcase name="Navigate_to_Create_Or_View_Page" time="4.786" classname="VF_Quote_Creation_And_Response.LTL_TW_Quote_Creation_Buyer_Ranking_Basis_Per_Gal"/>
  <testcase name="Enter_Details_In_Create_Quote" time="5.665" classname="VF_Quote_Creation_And_Response.LTL_TW_Quote_Creation_Buyer_Ranking_Basis_Per_Gal"/>
  <testcase name="Select_Division_And_Delivery_Location" time="6.316" classname="VF_Quote_Creation_And_Response.LTL_TW_Quote_Creation_Buyer_Ranking_Basis_Per_Gal"/>
  <testcase name="Open_Modify" time="7.095" classname="VF_Quote_Creation_And_Response.LTL_TW_Quote_Creation_Buyer_Ranking_Basis_Per_Gal"/>
  <testcase name="Enter_Details_In_Tand" time="28.596" classname="VF_Quote_Creation_And_Response.LTL_TW_Quote_Creation_Buyer_Ranking_Basis_Per_Gal"/>
  <testcase name="Select_Payment_and_Service_Schedule_Pattern_in_TandC" time="6.866" classname="VF_Quote_Creation_And_Response.LTL_TW_Quote_Creation_Buyer_Ranking_Basis_Per_Gal"/>
  <testcase name="Quote_Save_As_Draft" time="7.577" classname="VF_Quote_Creation_And_Response.LTL_TW_Quote_Creation_Buyer_Ranking_Basis_Per_Gal"/>
  <testcase name="Select_Sellers_for_Draft_Quote" time="14.344" classname="VF_Quote_Creation_And_Response.LTL_TW_Quote_Creation_Buyer_Ranking_Basis_Per_Gal"/>
  <testcase name="Save_And_Send_Draft_Quote" time="8.385" classname="VF_Quote_Creation_And_Response.LTL_TW_Quote_Creation_Buyer_Ranking_Basis_Per_Gal"/>
  <testcase name="Verify_Save_And_Send_Quote_in_Active_tab" time="6.194" classname="VF_Quote_Creation_And_Response.LTL_TW_Quote_Creation_Buyer_Ranking_Basis_Per_Gal"/>
  <testcase name="Logout_Buyer" time="3.647" classname="VF_Quote_Creation_And_Response.LTL_TW_Quote_Creation_Buyer_Ranking_Basis_Per_Gal"/>
</testsuite> <!-- LTL TW Quote Creation Buyer $ per Gal -->
