<?xml version="1.0" encoding="UTF-8"?>
<testng-results skipped="0" failed="0" total="285" passed="285">
  <reporter-output>
  </reporter-output>
  <suite name="Suite" duration-ms="1490678" started-at="2020-06-03T06:57:02Z" finished-at="2020-06-03T07:21:53Z">
    <groups>
    </groups>
    <test name="FTL Quote Creation Buyer $ per Del" duration-ms="174931" started-at="2020-06-03T06:57:02Z" finished-at="2020-06-03T06:59:57Z">
      <class name="VF_Quote_Creation_And_Response.FTL_Quote_Creation_Buyer_Ranking_Basis_Per_Del">
        <test-method status="PASS" signature="setUptest()[pri:0, instance:VF_Quote_Creation_And_Response.FTL_Quote_Creation_Buyer_Ranking_Basis_Per_Del@17d677df]" name="setUptest" is-config="true" duration-ms="3793" started-at="2020-06-03T12:27:02Z" finished-at="2020-06-03T12:27:06Z">
          <reporter-output>
          </reporter-output>
        </test-method> <!-- setUptest -->
        <test-method status="PASS" signature="Browser()[pri:0, instance:VF_Quote_Creation_And_Response.FTL_Quote_Creation_Buyer_Ranking_Basis_Per_Del@17d677df]" name="Browser" duration-ms="11842" started-at="2020-06-03T12:27:06Z" finished-at="2020-06-03T12:27:18Z">
          <reporter-output>
          </reporter-output>
        </test-method> <!-- Browser -->
        <test-method status="PASS" signature="Buyer_Login()[pri:1, instance:VF_Quote_Creation_And_Response.FTL_Quote_Creation_Buyer_Ranking_Basis_Per_Del@17d677df]" name="Buyer_Login" duration-ms="9723" started-at="2020-06-03T12:27:18Z" finished-at="2020-06-03T12:27:28Z">
          <reporter-output>
          </reporter-output>
        </test-method> <!-- Buyer_Login -->
        <test-method status="PASS" signature="verify_buyer_login()[pri:2, instance:VF_Quote_Creation_And_Response.FTL_Quote_Creation_Buyer_Ranking_Basis_Per_Del@17d677df]" name="verify_buyer_login" duration-ms="569" started-at="2020-06-03T12:27:28Z" finished-at="2020-06-03T12:27:28Z">
          <reporter-output>
          </reporter-output>
        </test-method> <!-- verify_buyer_login -->
        <test-method status="PASS" signature="Navigate_to_Create_Or_View_Page()[pri:3, instance:VF_Quote_Creation_And_Response.FTL_Quote_Creation_Buyer_Ranking_Basis_Per_Del@17d677df]" name="Navigate_to_Create_Or_View_Page" duration-ms="5043" started-at="2020-06-03T12:27:28Z" finished-at="2020-06-03T12:27:33Z">
          <reporter-output>
          </reporter-output>
        </test-method> <!-- Navigate_to_Create_Or_View_Page -->
        <test-method status="PASS" signature="Enter_Details_In_Create_Quote()[pri:4, instance:VF_Quote_Creation_And_Response.FTL_Quote_Creation_Buyer_Ranking_Basis_Per_Del@17d677df]" name="Enter_Details_In_Create_Quote" duration-ms="6531" started-at="2020-06-03T12:27:33Z" finished-at="2020-06-03T12:27:40Z">
          <reporter-output>
          </reporter-output>
        </test-method> <!-- Enter_Details_In_Create_Quote -->
        <test-method status="PASS" signature="Select_Division_And_Delivery_Location()[pri:5, instance:VF_Quote_Creation_And_Response.FTL_Quote_Creation_Buyer_Ranking_Basis_Per_Del@17d677df]" name="Select_Division_And_Delivery_Location" duration-ms="10821" started-at="2020-06-03T12:27:40Z" finished-at="2020-06-03T12:27:51Z">
          <reporter-output>
          </reporter-output>
        </test-method> <!-- Select_Division_And_Delivery_Location -->
        <test-method status="PASS" signature="Open_Modify()[pri:6, instance:VF_Quote_Creation_And_Response.FTL_Quote_Creation_Buyer_Ranking_Basis_Per_Del@17d677df]" name="Open_Modify" duration-ms="7958" started-at="2020-06-03T12:27:51Z" finished-at="2020-06-03T12:27:59Z">
          <reporter-output>
          </reporter-output>
        </test-method> <!-- Open_Modify -->
        <test-method status="PASS" signature="Enter_Details_In_Tand()[pri:7, instance:VF_Quote_Creation_And_Response.FTL_Quote_Creation_Buyer_Ranking_Basis_Per_Del@17d677df]" name="Enter_Details_In_Tand" duration-ms="68144" started-at="2020-06-03T12:27:59Z" finished-at="2020-06-03T12:29:07Z">
          <reporter-output>
          </reporter-output>
        </test-method> <!-- Enter_Details_In_Tand -->
        <test-method status="PASS" signature="Quote_Save_As_Draft()[pri:8, instance:VF_Quote_Creation_And_Response.FTL_Quote_Creation_Buyer_Ranking_Basis_Per_Del@17d677df]" name="Quote_Save_As_Draft" duration-ms="8844" started-at="2020-06-03T12:29:07Z" finished-at="2020-06-03T12:29:16Z">
          <reporter-output>
          </reporter-output>
        </test-method> <!-- Quote_Save_As_Draft -->
        <test-method status="PASS" signature="Select_Sellers_For_Quote()[pri:9, instance:VF_Quote_Creation_And_Response.FTL_Quote_Creation_Buyer_Ranking_Basis_Per_Del@17d677df]" name="Select_Sellers_For_Quote" duration-ms="18853" started-at="2020-06-03T12:29:16Z" finished-at="2020-06-03T12:29:35Z">
          <reporter-output>
          </reporter-output>
        </test-method> <!-- Select_Sellers_For_Quote -->
        <test-method status="PASS" signature="Save_And_Send_Quote_To_Seller()[pri:10, instance:VF_Quote_Creation_And_Response.FTL_Quote_Creation_Buyer_Ranking_Basis_Per_Del@17d677df]" name="Save_And_Send_Quote_To_Seller" duration-ms="8973" started-at="2020-06-03T12:29:35Z" finished-at="2020-06-03T12:29:44Z">
          <reporter-output>
          </reporter-output>
        </test-method> <!-- Save_And_Send_Quote_To_Seller -->
        <test-method status="PASS" signature="Verify_Save_And_Send_Quote_In_Active_Quotes()[pri:11, instance:VF_Quote_Creation_And_Response.FTL_Quote_Creation_Buyer_Ranking_Basis_Per_Del@17d677df]" name="Verify_Save_And_Send_Quote_In_Active_Quotes" duration-ms="9942" started-at="2020-06-03T12:29:44Z" finished-at="2020-06-03T12:29:53Z">
          <reporter-output>
          </reporter-output>
        </test-method> <!-- Verify_Save_And_Send_Quote_In_Active_Quotes -->
        <test-method status="PASS" signature="Veify_Buyer_Logout()[pri:12, instance:VF_Quote_Creation_And_Response.FTL_Quote_Creation_Buyer_Ranking_Basis_Per_Del@17d677df]" name="Veify_Buyer_Logout" duration-ms="3774" started-at="2020-06-03T12:29:53Z" finished-at="2020-06-03T12:29:57Z">
          <reporter-output>
          </reporter-output>
        </test-method> <!-- Veify_Buyer_Logout -->
        <test-method status="PASS" signature="teardowntest()[pri:0, instance:VF_Quote_Creation_And_Response.FTL_Quote_Creation_Buyer_Ranking_Basis_Per_Del@17d677df]" name="teardowntest" is-config="true" duration-ms="94" started-at="2020-06-03T12:29:57Z" finished-at="2020-06-03T12:29:57Z">
          <reporter-output>
          </reporter-output>
        </test-method> <!-- teardowntest -->
      </class> <!-- VF_Quote_Creation_And_Response.FTL_Quote_Creation_Buyer_Ranking_Basis_Per_Del -->
    </test> <!-- FTL Quote Creation Buyer $ per Del -->
    <test name="FTL Seller Response $ per Del" duration-ms="174320" started-at="2020-06-03T06:59:57Z" finished-at="2020-06-03T07:02:52Z">
      <class name="VF_Quote_Creation_And_Response.FTL_Quote_Seller_Response_Ranking_Basis_Per_Del">
        <test-method status="PASS" signature="setUptest()[pri:0, instance:VF_Quote_Creation_And_Response.FTL_Quote_Seller_Response_Ranking_Basis_Per_Del@1a1d6a08]" name="setUptest" is-config="true" duration-ms="3227" started-at="2020-06-03T12:29:57Z" finished-at="2020-06-03T12:30:01Z">
          <reporter-output>
          </reporter-output>
        </test-method> <!-- setUptest -->
        <test-method status="PASS" signature="Open_Browser()[pri:0, instance:VF_Quote_Creation_And_Response.FTL_Quote_Seller_Response_Ranking_Basis_Per_Del@1a1d6a08]" name="Open_Browser" duration-ms="9146" started-at="2020-06-03T12:30:01Z" finished-at="2020-06-03T12:30:10Z">
          <reporter-output>
          </reporter-output>
        </test-method> <!-- Open_Browser -->
        <test-method status="PASS" signature="Seller_Login()[pri:1, instance:VF_Quote_Creation_And_Response.FTL_Quote_Seller_Response_Ranking_Basis_Per_Del@1a1d6a08]" name="Seller_Login" duration-ms="10322" started-at="2020-06-03T12:30:10Z" finished-at="2020-06-03T12:30:20Z">
          <reporter-output>
          </reporter-output>
        </test-method> <!-- Seller_Login -->
        <test-method status="PASS" signature="verify_Seller_login()[pri:2, instance:VF_Quote_Creation_And_Response.FTL_Quote_Seller_Response_Ranking_Basis_Per_Del@1a1d6a08]" name="verify_Seller_login" duration-ms="1203" started-at="2020-06-03T12:30:20Z" finished-at="2020-06-03T12:30:21Z">
          <reporter-output>
          </reporter-output>
        </test-method> <!-- verify_Seller_login -->
        <test-method status="PASS" signature="Navigate_to_Review_Quote()[pri:3, instance:VF_Quote_Creation_And_Response.FTL_Quote_Seller_Response_Ranking_Basis_Per_Del@1a1d6a08]" name="Navigate_to_Review_Quote" duration-ms="15346" started-at="2020-06-03T12:30:21Z" finished-at="2020-06-03T12:30:37Z">
          <reporter-output>
          </reporter-output>
        </test-method> <!-- Navigate_to_Review_Quote -->
        <test-method status="PASS" signature="Seller_New_Quote_Search()[pri:4, instance:VF_Quote_Creation_And_Response.FTL_Quote_Seller_Response_Ranking_Basis_Per_Del@1a1d6a08]" name="Seller_New_Quote_Search" duration-ms="15341" started-at="2020-06-03T12:30:37Z" finished-at="2020-06-03T12:30:52Z">
          <reporter-output>
          </reporter-output>
        </test-method> <!-- Seller_New_Quote_Search -->
        <test-method status="PASS" signature="Verify_Quote_status_as_New()[pri:5, instance:VF_Quote_Creation_And_Response.FTL_Quote_Seller_Response_Ranking_Basis_Per_Del@1a1d6a08]" name="Verify_Quote_status_as_New" duration-ms="532" started-at="2020-06-03T12:30:52Z" finished-at="2020-06-03T12:30:53Z">
          <reporter-output>
          </reporter-output>
        </test-method> <!-- Verify_Quote_status_as_New -->
        <test-method status="PASS" signature="Enter_Tolls_on_Quick_Respose_grid()[pri:6, instance:VF_Quote_Creation_And_Response.FTL_Quote_Seller_Response_Ranking_Basis_Per_Del@1a1d6a08]" name="Enter_Tolls_on_Quick_Respose_grid" duration-ms="8028" started-at="2020-06-03T12:30:53Z" finished-at="2020-06-03T12:31:01Z">
          <reporter-output>
          </reporter-output>
        </test-method> <!-- Enter_Tolls_on_Quick_Respose_grid -->
        <test-method status="PASS" signature="Verify_Quote_status_as_HoldAsDraft()[pri:7, instance:VF_Quote_Creation_And_Response.FTL_Quote_Seller_Response_Ranking_Basis_Per_Del@1a1d6a08]" name="Verify_Quote_status_as_HoldAsDraft" duration-ms="93" started-at="2020-06-03T12:31:01Z" finished-at="2020-06-03T12:31:01Z">
          <reporter-output>
          </reporter-output>
        </test-method> <!-- Verify_Quote_status_as_HoldAsDraft -->
        <test-method status="PASS" signature="Enter_data_on_Freight_Per_Gallon_in_Quick_Response_Grid()[pri:8, instance:VF_Quote_Creation_And_Response.FTL_Quote_Seller_Response_Ranking_Basis_Per_Del@1a1d6a08]" name="Enter_data_on_Freight_Per_Gallon_in_Quick_Response_Grid" duration-ms="11342" started-at="2020-06-03T12:31:01Z" finished-at="2020-06-03T12:31:12Z">
          <reporter-output>
          </reporter-output>
        </test-method> <!-- Enter_data_on_Freight_Per_Gallon_in_Quick_Response_Grid -->
        <test-method status="PASS" signature="Enter_FuelSurcharge()[pri:9, instance:VF_Quote_Creation_And_Response.FTL_Quote_Seller_Response_Ranking_Basis_Per_Del@1a1d6a08]" name="Enter_FuelSurcharge" duration-ms="2338" started-at="2020-06-03T12:31:12Z" finished-at="2020-06-03T12:31:14Z">
          <reporter-output>
          </reporter-output>
        </test-method> <!-- Enter_FuelSurcharge -->
        <test-method status="PASS" signature="save_response_tandc()[pri:10, instance:VF_Quote_Creation_And_Response.FTL_Quote_Seller_Response_Ranking_Basis_Per_Del@1a1d6a08]" name="save_response_tandc" duration-ms="6473" started-at="2020-06-03T12:31:14Z" finished-at="2020-06-03T12:31:21Z">
          <reporter-output>
          </reporter-output>
        </test-method> <!-- save_response_tandc -->
        <test-method status="PASS" signature="Verify_Quote_status_as_ReadytoSubmit()[pri:11, instance:VF_Quote_Creation_And_Response.FTL_Quote_Seller_Response_Ranking_Basis_Per_Del@1a1d6a08]" name="Verify_Quote_status_as_ReadytoSubmit" duration-ms="85" started-at="2020-06-03T12:31:21Z" finished-at="2020-06-03T12:31:21Z">
          <reporter-output>
          </reporter-output>
        </test-method> <!-- Verify_Quote_status_as_ReadytoSubmit -->
        <test-method status="PASS" signature="verify_FuelSurcharge_AccessorialFees_And_Tolls_data_on_tandc()[pri:12, instance:VF_Quote_Creation_And_Response.FTL_Quote_Seller_Response_Ranking_Basis_Per_Del@1a1d6a08]" name="verify_FuelSurcharge_AccessorialFees_And_Tolls_data_on_tandc" duration-ms="15250" started-at="2020-06-03T12:31:21Z" finished-at="2020-06-03T12:31:36Z">
          <reporter-output>
          </reporter-output>
        </test-method> <!-- verify_FuelSurcharge_AccessorialFees_And_Tolls_data_on_tandc -->
        <test-method status="PASS" signature="Verify_Freight_Per_Gallon_Values_in_TandC()[pri:13, instance:VF_Quote_Creation_And_Response.FTL_Quote_Seller_Response_Ranking_Basis_Per_Del@1a1d6a08]" name="Verify_Freight_Per_Gallon_Values_in_TandC" duration-ms="661" started-at="2020-06-03T12:31:36Z" finished-at="2020-06-03T12:31:37Z">
          <reporter-output>
          </reporter-output>
        </test-method> <!-- Verify_Freight_Per_Gallon_Values_in_TandC -->
        <test-method status="PASS" signature="Retrieve_Total_charges_Frt_Per_Gallon_Values_From_TandC()[pri:14, instance:VF_Quote_Creation_And_Response.FTL_Quote_Seller_Response_Ranking_Basis_Per_Del@1a1d6a08]" name="Retrieve_Total_charges_Frt_Per_Gallon_Values_From_TandC" duration-ms="1572" started-at="2020-06-03T12:31:37Z" finished-at="2020-06-03T12:31:38Z">
          <reporter-output>
          </reporter-output>
        </test-method> <!-- Retrieve_Total_charges_Frt_Per_Gallon_Values_From_TandC -->
        <test-method status="PASS" signature="Retrieve_$_Per_Period_Values_From_TandC()[pri:15, instance:VF_Quote_Creation_And_Response.FTL_Quote_Seller_Response_Ranking_Basis_Per_Del@1a1d6a08]" name="Retrieve_$_Per_Period_Values_From_TandC" duration-ms="699" started-at="2020-06-03T12:31:38Z" finished-at="2020-06-03T12:31:39Z">
          <reporter-output>
          </reporter-output>
        </test-method> <!-- Retrieve_$_Per_Period_Values_From_TandC -->
        <test-method status="PASS" signature="Retrieve_$_Per_Del_Values_From_TandC()[pri:16, instance:VF_Quote_Creation_And_Response.FTL_Quote_Seller_Response_Ranking_Basis_Per_Del@1a1d6a08]" name="Retrieve_$_Per_Del_Values_From_TandC" duration-ms="559" started-at="2020-06-03T12:31:39Z" finished-at="2020-06-03T12:31:40Z">
          <reporter-output>
          </reporter-output>
        </test-method> <!-- Retrieve_$_Per_Del_Values_From_TandC -->
        <test-method status="PASS" signature="Retrieve_$_Per_Gal_Values_From_TandC()[pri:17, instance:VF_Quote_Creation_And_Response.FTL_Quote_Seller_Response_Ranking_Basis_Per_Del@1a1d6a08]" name="Retrieve_$_Per_Gal_Values_From_TandC" duration-ms="1024" started-at="2020-06-03T12:31:40Z" finished-at="2020-06-03T12:31:41Z">
          <reporter-output>
          </reporter-output>
        </test-method> <!-- Retrieve_$_Per_Gal_Values_From_TandC -->
        <test-method status="PASS" signature="Verify_Fuelsurcharge_And_Accessorial_Service_on_Workbench()[pri:18, instance:VF_Quote_Creation_And_Response.FTL_Quote_Seller_Response_Ranking_Basis_Per_Del@1a1d6a08]" name="Verify_Fuelsurcharge_And_Accessorial_Service_on_Workbench" duration-ms="5270" started-at="2020-06-03T12:31:41Z" finished-at="2020-06-03T12:31:46Z">
          <reporter-output>
          </reporter-output>
        </test-method> <!-- Verify_Fuelsurcharge_And_Accessorial_Service_on_Workbench -->
        <test-method status="PASS" signature="Verify_Tolls_in_Workbench()[pri:19, instance:VF_Quote_Creation_And_Response.FTL_Quote_Seller_Response_Ranking_Basis_Per_Del@1a1d6a08]" name="Verify_Tolls_in_Workbench" duration-ms="178" started-at="2020-06-03T12:31:46Z" finished-at="2020-06-03T12:31:46Z">
          <reporter-output>
          </reporter-output>
        </test-method> <!-- Verify_Tolls_in_Workbench -->
        <test-method status="PASS" signature="Verify_Freight_Per_Gallon_Values_in_WorkBench()[pri:20, instance:VF_Quote_Creation_And_Response.FTL_Quote_Seller_Response_Ranking_Basis_Per_Del@1a1d6a08]" name="Verify_Freight_Per_Gallon_Values_in_WorkBench" duration-ms="662" started-at="2020-06-03T12:31:46Z" finished-at="2020-06-03T12:31:47Z">
          <reporter-output>
          </reporter-output>
        </test-method> <!-- Verify_Freight_Per_Gallon_Values_in_WorkBench -->
        <test-method status="PASS" signature="Verify_Total_Charges_Frt_$_Per_Gall_in_Workbench()[pri:21, instance:VF_Quote_Creation_And_Response.FTL_Quote_Seller_Response_Ranking_Basis_Per_Del@1a1d6a08]" name="Verify_Total_Charges_Frt_$_Per_Gall_in_Workbench" duration-ms="539" started-at="2020-06-03T12:31:47Z" finished-at="2020-06-03T12:31:47Z">
          <reporter-output>
          </reporter-output>
        </test-method> <!-- Verify_Total_Charges_Frt_$_Per_Gall_in_Workbench -->
        <test-method status="PASS" signature="Verify_$_Per_Period_Values_on_Workbench()[pri:22, instance:VF_Quote_Creation_And_Response.FTL_Quote_Seller_Response_Ranking_Basis_Per_Del@1a1d6a08]" name="Verify_$_Per_Period_Values_on_Workbench" duration-ms="763" started-at="2020-06-03T12:31:47Z" finished-at="2020-06-03T12:31:48Z">
          <reporter-output>
          </reporter-output>
        </test-method> <!-- Verify_$_Per_Period_Values_on_Workbench -->
        <test-method status="PASS" signature="Verify_$_Per_del_Values_on_Workbench()[pri:23, instance:VF_Quote_Creation_And_Response.FTL_Quote_Seller_Response_Ranking_Basis_Per_Del@1a1d6a08]" name="Verify_$_Per_del_Values_on_Workbench" duration-ms="240" started-at="2020-06-03T12:31:48Z" finished-at="2020-06-03T12:31:48Z">
          <reporter-output>
          </reporter-output>
        </test-method> <!-- Verify_$_Per_del_Values_on_Workbench -->
        <test-method status="PASS" signature="Verify_$_Per_Gal_Values_on_Workbench()[pri:24, instance:VF_Quote_Creation_And_Response.FTL_Quote_Seller_Response_Ranking_Basis_Per_Del@1a1d6a08]" name="Verify_$_Per_Gal_Values_on_Workbench" duration-ms="249" started-at="2020-06-03T12:31:48Z" finished-at="2020-06-03T12:31:49Z">
          <reporter-output>
          </reporter-output>
        </test-method> <!-- Verify_$_Per_Gal_Values_on_Workbench -->
        <test-method status="PASS" signature="check_Publish_To_Buyer_Calculator()[pri:25, instance:VF_Quote_Creation_And_Response.FTL_Quote_Seller_Response_Ranking_Basis_Per_Del@1a1d6a08]" name="check_Publish_To_Buyer_Calculator" duration-ms="2593" started-at="2020-06-03T12:31:49Z" finished-at="2020-06-03T12:31:51Z">
          <reporter-output>
          </reporter-output>
        </test-method> <!-- check_Publish_To_Buyer_Calculator -->
        <test-method status="PASS" signature="Get_Values_from_Buyer_Calculator()[pri:26, instance:VF_Quote_Creation_And_Response.FTL_Quote_Seller_Response_Ranking_Basis_Per_Del@1a1d6a08]" name="Get_Values_from_Buyer_Calculator" duration-ms="1889" started-at="2020-06-03T12:31:51Z" finished-at="2020-06-03T12:31:53Z">
          <reporter-output>
          </reporter-output>
        </test-method> <!-- Get_Values_from_Buyer_Calculator -->
        <test-method status="PASS" signature="Verify_finaltotal_and_RankingBasis_Values()[pri:27, instance:VF_Quote_Creation_And_Response.FTL_Quote_Seller_Response_Ranking_Basis_Per_Del@1a1d6a08]" name="Verify_finaltotal_and_RankingBasis_Values" duration-ms="15916" started-at="2020-06-03T12:31:53Z" finished-at="2020-06-03T12:32:09Z">
          <reporter-output>
          </reporter-output>
        </test-method> <!-- Verify_finaltotal_and_RankingBasis_Values -->
        <test-method status="PASS" signature="Submit_response()[pri:28, instance:VF_Quote_Creation_And_Response.FTL_Quote_Seller_Response_Ranking_Basis_Per_Del@1a1d6a08]" name="Submit_response" duration-ms="9202" started-at="2020-06-03T12:32:09Z" finished-at="2020-06-03T12:32:18Z">
          <reporter-output>
          </reporter-output>
        </test-method> <!-- Submit_response -->
        <test-method status="PASS" signature="verify_Submitted_quote_in_Active()[pri:29, instance:VF_Quote_Creation_And_Response.FTL_Quote_Seller_Response_Ranking_Basis_Per_Del@1a1d6a08]" name="verify_Submitted_quote_in_Active" duration-ms="31417" started-at="2020-06-03T12:32:18Z" finished-at="2020-06-03T12:32:50Z">
          <reporter-output>
          </reporter-output>
        </test-method> <!-- verify_Submitted_quote_in_Active -->
        <test-method status="PASS" signature="Logout_seller()[pri:30, instance:VF_Quote_Creation_And_Response.FTL_Quote_Seller_Response_Ranking_Basis_Per_Del@1a1d6a08]" name="Logout_seller" duration-ms="1941" started-at="2020-06-03T12:32:50Z" finished-at="2020-06-03T12:32:52Z">
          <reporter-output>
          </reporter-output>
        </test-method> <!-- Logout_seller -->
        <test-method status="PASS" signature="teardowntest()[pri:0, instance:VF_Quote_Creation_And_Response.FTL_Quote_Seller_Response_Ranking_Basis_Per_Del@1a1d6a08]" name="teardowntest" is-config="true" duration-ms="196" started-at="2020-06-03T12:32:52Z" finished-at="2020-06-03T12:32:52Z">
          <reporter-output>
          </reporter-output>
        </test-method> <!-- teardowntest -->
      </class> <!-- VF_Quote_Creation_And_Response.FTL_Quote_Seller_Response_Ranking_Basis_Per_Del -->
    </test> <!-- FTL Seller Response $ per Del -->
    <test name="FTL Buyer calucation verification for $ per Del" duration-ms="153199" started-at="2020-06-03T07:02:52Z" finished-at="2020-06-03T07:05:25Z">
      <class name="VF_Quote_Creation_And_Response.FTL_Quote_Buyer_Side_Verification_Ranking_Basis_Per_Del">
        <test-method status="PASS" signature="setUptest()[pri:0, instance:VF_Quote_Creation_And_Response.FTL_Quote_Buyer_Side_Verification_Ranking_Basis_Per_Del@2c039ac6]" name="setUptest" is-config="true" duration-ms="3190" started-at="2020-06-03T12:32:52Z" finished-at="2020-06-03T12:32:55Z">
          <reporter-output>
          </reporter-output>
        </test-method> <!-- setUptest -->
        <test-method status="PASS" signature="Browser()[pri:0, instance:VF_Quote_Creation_And_Response.FTL_Quote_Buyer_Side_Verification_Ranking_Basis_Per_Del@2c039ac6]" name="Browser" duration-ms="7802" started-at="2020-06-03T12:32:55Z" finished-at="2020-06-03T12:33:03Z">
          <reporter-output>
          </reporter-output>
        </test-method> <!-- Browser -->
        <test-method status="PASS" signature="Buyer_Login()[pri:1, instance:VF_Quote_Creation_And_Response.FTL_Quote_Buyer_Side_Verification_Ranking_Basis_Per_Del@2c039ac6]" name="Buyer_Login" duration-ms="11510" started-at="2020-06-03T12:33:03Z" finished-at="2020-06-03T12:33:14Z">
          <reporter-output>
          </reporter-output>
        </test-method> <!-- Buyer_Login -->
        <test-method status="PASS" signature="verify_buyer_login()[pri:2, instance:VF_Quote_Creation_And_Response.FTL_Quote_Buyer_Side_Verification_Ranking_Basis_Per_Del@2c039ac6]" name="verify_buyer_login" duration-ms="43" started-at="2020-06-03T12:33:14Z" finished-at="2020-06-03T12:33:14Z">
          <reporter-output>
          </reporter-output>
        </test-method> <!-- verify_buyer_login -->
        <test-method status="PASS" signature="Navigate_to_Create_Or_View_Page()[pri:3, instance:VF_Quote_Creation_And_Response.FTL_Quote_Buyer_Side_Verification_Ranking_Basis_Per_Del@2c039ac6]" name="Navigate_to_Create_Or_View_Page" duration-ms="4984" started-at="2020-06-03T12:33:14Z" finished-at="2020-06-03T12:33:19Z">
          <reporter-output>
          </reporter-output>
        </test-method> <!-- Navigate_to_Create_Or_View_Page -->
        <test-method status="PASS" signature="Open_Quote_In_Active_Tab()[pri:4, instance:VF_Quote_Creation_And_Response.FTL_Quote_Buyer_Side_Verification_Ranking_Basis_Per_Del@2c039ac6]" name="Open_Quote_In_Active_Tab" duration-ms="9934" started-at="2020-06-03T12:33:19Z" finished-at="2020-06-03T12:33:29Z">
          <reporter-output>
          </reporter-output>
        </test-method> <!-- Open_Quote_In_Active_Tab -->
        <test-method status="PASS" signature="Verify_Page_Navigated_To_Delivery_Location()[pri:5, instance:VF_Quote_Creation_And_Response.FTL_Quote_Buyer_Side_Verification_Ranking_Basis_Per_Del@2c039ac6]" name="Verify_Page_Navigated_To_Delivery_Location" duration-ms="1729" started-at="2020-06-03T12:33:29Z" finished-at="2020-06-03T12:33:31Z">
          <reporter-output>
          </reporter-output>
        </test-method> <!-- Verify_Page_Navigated_To_Delivery_Location -->
        <test-method status="PASS" signature="Open_Delivery_Location_list()[pri:6, instance:VF_Quote_Creation_And_Response.FTL_Quote_Buyer_Side_Verification_Ranking_Basis_Per_Del@2c039ac6]" name="Open_Delivery_Location_list" duration-ms="41" started-at="2020-06-03T12:33:31Z" finished-at="2020-06-03T12:33:31Z">
          <reporter-output>
          </reporter-output>
        </test-method> <!-- Open_Delivery_Location_list -->
        <test-method status="PASS" signature="Verify_Page_Is_Navigated_To_Manage_Rounds()[pri:7, instance:VF_Quote_Creation_And_Response.FTL_Quote_Buyer_Side_Verification_Ranking_Basis_Per_Del@2c039ac6]" name="Verify_Page_Is_Navigated_To_Manage_Rounds" duration-ms="4642" started-at="2020-06-03T12:33:31Z" finished-at="2020-06-03T12:33:36Z">
          <reporter-output>
          </reporter-output>
        </test-method> <!-- Verify_Page_Is_Navigated_To_Manage_Rounds -->
        <test-method status="PASS" signature="Open_View_in_TandC()[pri:8, instance:VF_Quote_Creation_And_Response.FTL_Quote_Buyer_Side_Verification_Ranking_Basis_Per_Del@2c039ac6]" name="Open_View_in_TandC" duration-ms="102" started-at="2020-06-03T12:33:36Z" finished-at="2020-06-03T12:33:36Z">
          <reporter-output>
          </reporter-output>
        </test-method> <!-- Open_View_in_TandC -->
        <test-method status="PASS" signature="Verify_FuelSurcharge_and_Accessorial_Service_Fees_Per_Delivery_in_TandC()[pri:9, instance:VF_Quote_Creation_And_Response.FTL_Quote_Buyer_Side_Verification_Ranking_Basis_Per_Del@2c039ac6]" name="Verify_FuelSurcharge_and_Accessorial_Service_Fees_Per_Delivery_in_TandC" duration-ms="5926" started-at="2020-06-03T12:33:36Z" finished-at="2020-06-03T12:33:42Z">
          <reporter-output>
          </reporter-output>
        </test-method> <!-- Verify_FuelSurcharge_and_Accessorial_Service_Fees_Per_Delivery_in_TandC -->
        <test-method status="PASS" signature="verify_Tolls_data_on_tandc()[pri:10, instance:VF_Quote_Creation_And_Response.FTL_Quote_Buyer_Side_Verification_Ranking_Basis_Per_Del@2c039ac6]" name="verify_Tolls_data_on_tandc" duration-ms="2224" started-at="2020-06-03T12:33:42Z" finished-at="2020-06-03T12:33:44Z">
          <reporter-output>
          </reporter-output>
        </test-method> <!-- verify_Tolls_data_on_tandc -->
        <test-method status="PASS" signature="Verify_Freight_Per_Gallon_Values_in_TandC()[pri:11, instance:VF_Quote_Creation_And_Response.FTL_Quote_Buyer_Side_Verification_Ranking_Basis_Per_Del@2c039ac6]" name="Verify_Freight_Per_Gallon_Values_in_TandC" duration-ms="491" started-at="2020-06-03T12:33:44Z" finished-at="2020-06-03T12:33:44Z">
          <reporter-output>
          </reporter-output>
        </test-method> <!-- Verify_Freight_Per_Gallon_Values_in_TandC -->
        <test-method status="PASS" signature="Verify_Total_Charges_Frt_$_Per_Gall_in_TandC()[pri:12, instance:VF_Quote_Creation_And_Response.FTL_Quote_Buyer_Side_Verification_Ranking_Basis_Per_Del@2c039ac6]" name="Verify_Total_Charges_Frt_$_Per_Gall_in_TandC" duration-ms="434" started-at="2020-06-03T12:33:44Z" finished-at="2020-06-03T12:33:45Z">
          <reporter-output>
          </reporter-output>
        </test-method> <!-- Verify_Total_Charges_Frt_$_Per_Gall_in_TandC -->
        <test-method status="PASS" signature="Verify_$_Per_Period_Values_on_TandC()[pri:13, instance:VF_Quote_Creation_And_Response.FTL_Quote_Buyer_Side_Verification_Ranking_Basis_Per_Del@2c039ac6]" name="Verify_$_Per_Period_Values_on_TandC" duration-ms="189" started-at="2020-06-03T12:33:45Z" finished-at="2020-06-03T12:33:45Z">
          <reporter-output>
          </reporter-output>
        </test-method> <!-- Verify_$_Per_Period_Values_on_TandC -->
        <test-method status="PASS" signature="Verify_$_Per_del_Values_on_TandC()[pri:14, instance:VF_Quote_Creation_And_Response.FTL_Quote_Buyer_Side_Verification_Ranking_Basis_Per_Del@2c039ac6]" name="Verify_$_Per_del_Values_on_TandC" duration-ms="198" started-at="2020-06-03T12:33:45Z" finished-at="2020-06-03T12:33:45Z">
          <reporter-output>
          </reporter-output>
        </test-method> <!-- Verify_$_Per_del_Values_on_TandC -->
        <test-method status="PASS" signature="Verify_$_Per_Gal_Values_on_TandC()[pri:15, instance:VF_Quote_Creation_And_Response.FTL_Quote_Buyer_Side_Verification_Ranking_Basis_Per_Del@2c039ac6]" name="Verify_$_Per_Gal_Values_on_TandC" duration-ms="199" started-at="2020-06-03T12:33:45Z" finished-at="2020-06-03T12:33:45Z">
          <reporter-output>
          </reporter-output>
        </test-method> <!-- Verify_$_Per_Gal_Values_on_TandC -->
        <test-method status="PASS" signature="Verify_finaltotal_and_RankingBasis_Values_in_TandC()[pri:16, instance:VF_Quote_Creation_And_Response.FTL_Quote_Buyer_Side_Verification_Ranking_Basis_Per_Del@2c039ac6]" name="Verify_finaltotal_and_RankingBasis_Values_in_TandC" duration-ms="5385" started-at="2020-06-03T12:33:45Z" finished-at="2020-06-03T12:33:51Z">
          <reporter-output>
          </reporter-output>
        </test-method> <!-- Verify_finaltotal_and_RankingBasis_Values_in_TandC -->
        <test-method status="PASS" signature="Open_Workbench()[pri:17, instance:VF_Quote_Creation_And_Response.FTL_Quote_Buyer_Side_Verification_Ranking_Basis_Per_Del@2c039ac6]" name="Open_Workbench" duration-ms="132" started-at="2020-06-03T12:33:51Z" finished-at="2020-06-03T12:33:51Z">
          <reporter-output>
          </reporter-output>
        </test-method> <!-- Open_Workbench -->
        <test-method status="PASS" signature="Verify_Buyer_Calculations_on_Workbench()[pri:18, instance:VF_Quote_Creation_And_Response.FTL_Quote_Buyer_Side_Verification_Ranking_Basis_Per_Del@2c039ac6]" name="Verify_Buyer_Calculations_on_Workbench" duration-ms="11281" started-at="2020-06-03T12:33:51Z" finished-at="2020-06-03T12:34:02Z">
          <reporter-output>
          </reporter-output>
        </test-method> <!-- Verify_Buyer_Calculations_on_Workbench -->
        <test-method status="PASS" signature="Verify_FuelSurcharge_and_Accesorialfees_in_Workbench()[pri:19, instance:VF_Quote_Creation_And_Response.FTL_Quote_Buyer_Side_Verification_Ranking_Basis_Per_Del@2c039ac6]" name="Verify_FuelSurcharge_and_Accesorialfees_in_Workbench" duration-ms="2221" started-at="2020-06-03T12:34:02Z" finished-at="2020-06-03T12:34:04Z">
          <reporter-output>
          </reporter-output>
        </test-method> <!-- Verify_FuelSurcharge_and_Accesorialfees_in_Workbench -->
        <test-method status="PASS" signature="Verify_Tolls_in_Workbench()[pri:20, instance:VF_Quote_Creation_And_Response.FTL_Quote_Buyer_Side_Verification_Ranking_Basis_Per_Del@2c039ac6]" name="Verify_Tolls_in_Workbench" duration-ms="328" started-at="2020-06-03T12:34:04Z" finished-at="2020-06-03T12:34:05Z">
          <reporter-output>
          </reporter-output>
        </test-method> <!-- Verify_Tolls_in_Workbench -->
        <test-method status="PASS" signature="Verify_Freight_Per_Gallon_Values_in_WorkBench()[pri:21, instance:VF_Quote_Creation_And_Response.FTL_Quote_Buyer_Side_Verification_Ranking_Basis_Per_Del@2c039ac6]" name="Verify_Freight_Per_Gallon_Values_in_WorkBench" duration-ms="1152" started-at="2020-06-03T12:34:05Z" finished-at="2020-06-03T12:34:06Z">
          <reporter-output>
          </reporter-output>
        </test-method> <!-- Verify_Freight_Per_Gallon_Values_in_WorkBench -->
        <test-method status="PASS" signature="Verify_Total_Charges_Frt_$_Per_Gall_in_Workbench()[pri:22, instance:VF_Quote_Creation_And_Response.FTL_Quote_Buyer_Side_Verification_Ranking_Basis_Per_Del@2c039ac6]" name="Verify_Total_Charges_Frt_$_Per_Gall_in_Workbench" duration-ms="1939" started-at="2020-06-03T12:34:06Z" finished-at="2020-06-03T12:34:08Z">
          <reporter-output>
          </reporter-output>
        </test-method> <!-- Verify_Total_Charges_Frt_$_Per_Gall_in_Workbench -->
        <test-method status="PASS" signature="Verify_$_Per_Period_Values_on_Workbench()[pri:23, instance:VF_Quote_Creation_And_Response.FTL_Quote_Buyer_Side_Verification_Ranking_Basis_Per_Del@2c039ac6]" name="Verify_$_Per_Period_Values_on_Workbench" duration-ms="1304" started-at="2020-06-03T12:34:08Z" finished-at="2020-06-03T12:34:09Z">
          <reporter-output>
          </reporter-output>
        </test-method> <!-- Verify_$_Per_Period_Values_on_Workbench -->
        <test-method status="PASS" signature="Verify_$_Per_del_Values_on_Workbench()[pri:24, instance:VF_Quote_Creation_And_Response.FTL_Quote_Buyer_Side_Verification_Ranking_Basis_Per_Del@2c039ac6]" name="Verify_$_Per_del_Values_on_Workbench" duration-ms="797" started-at="2020-06-03T12:34:09Z" finished-at="2020-06-03T12:34:10Z">
          <reporter-output>
          </reporter-output>
        </test-method> <!-- Verify_$_Per_del_Values_on_Workbench -->
        <test-method status="PASS" signature="Verify_$_Per_Gal_Values_on_Workbench()[pri:25, instance:VF_Quote_Creation_And_Response.FTL_Quote_Buyer_Side_Verification_Ranking_Basis_Per_Del@2c039ac6]" name="Verify_$_Per_Gal_Values_on_Workbench" duration-ms="315" started-at="2020-06-03T12:34:10Z" finished-at="2020-06-03T12:34:10Z">
          <reporter-output>
          </reporter-output>
        </test-method> <!-- Verify_$_Per_Gal_Values_on_Workbench -->
        <test-method status="PASS" signature="Close_Workbench()[pri:26, instance:VF_Quote_Creation_And_Response.FTL_Quote_Buyer_Side_Verification_Ranking_Basis_Per_Del@2c039ac6]" name="Close_Workbench" duration-ms="2479" started-at="2020-06-03T12:34:10Z" finished-at="2020-06-03T12:34:13Z">
          <reporter-output>
          </reporter-output>
        </test-method> <!-- Close_Workbench -->
        <test-method status="PASS" signature="Award_Quote()[pri:27, instance:VF_Quote_Creation_And_Response.FTL_Quote_Buyer_Side_Verification_Ranking_Basis_Per_Del@2c039ac6]" name="Award_Quote" duration-ms="24569" started-at="2020-06-03T12:34:13Z" finished-at="2020-06-03T12:34:37Z">
          <reporter-output>
          </reporter-output>
        </test-method> <!-- Award_Quote -->
        <test-method status="PASS" signature="Verify_Quote_in_Awarded_Tab()[pri:28, instance:VF_Quote_Creation_And_Response.FTL_Quote_Buyer_Side_Verification_Ranking_Basis_Per_Del@2c039ac6]" name="Verify_Quote_in_Awarded_Tab" duration-ms="5988" started-at="2020-06-03T12:34:37Z" finished-at="2020-06-03T12:34:43Z">
          <reporter-output>
          </reporter-output>
        </test-method> <!-- Verify_Quote_in_Awarded_Tab -->
        <test-method status="PASS" signature="Open_Awarded_Quote()[pri:29, instance:VF_Quote_Creation_And_Response.FTL_Quote_Buyer_Side_Verification_Ranking_Basis_Per_Del@2c039ac6]" name="Open_Awarded_Quote" duration-ms="6383" started-at="2020-06-03T12:34:43Z" finished-at="2020-06-03T12:34:50Z">
          <reporter-output>
          </reporter-output>
        </test-method> <!-- Open_Awarded_Quote -->
        <test-method status="PASS" signature="Verify_awarded_Quote_Status()[pri:30, instance:VF_Quote_Creation_And_Response.FTL_Quote_Buyer_Side_Verification_Ranking_Basis_Per_Del@2c039ac6]" name="Verify_awarded_Quote_Status" duration-ms="60" started-at="2020-06-03T12:34:50Z" finished-at="2020-06-03T12:34:50Z">
          <reporter-output>
          </reporter-output>
        </test-method> <!-- Verify_awarded_Quote_Status -->
        <test-method status="PASS" signature="Open_TandC_for_Awarded_Quote()[pri:31, instance:VF_Quote_Creation_And_Response.FTL_Quote_Buyer_Side_Verification_Ranking_Basis_Per_Del@2c039ac6]" name="Open_TandC_for_Awarded_Quote" duration-ms="123" started-at="2020-06-03T12:34:50Z" finished-at="2020-06-03T12:34:50Z">
          <reporter-output>
          </reporter-output>
        </test-method> <!-- Open_TandC_for_Awarded_Quote -->
        <test-method status="PASS" signature="Verify_FuelSurcharge_and_Accesorialfees_in_TandC_for_Awarded_Quote()[pri:32, instance:VF_Quote_Creation_And_Response.FTL_Quote_Buyer_Side_Verification_Ranking_Basis_Per_Del@2c039ac6]" name="Verify_FuelSurcharge_and_Accesorialfees_in_TandC_for_Awarded_Quote" duration-ms="6237" started-at="2020-06-03T12:34:50Z" finished-at="2020-06-03T12:34:56Z">
          <reporter-output>
          </reporter-output>
        </test-method> <!-- Verify_FuelSurcharge_and_Accesorialfees_in_TandC_for_Awarded_Quote -->
        <test-method status="PASS" signature="verify_Tolls_data_on_tandc_for_Awarded_Quote()[pri:33, instance:VF_Quote_Creation_And_Response.FTL_Quote_Buyer_Side_Verification_Ranking_Basis_Per_Del@2c039ac6]" name="verify_Tolls_data_on_tandc_for_Awarded_Quote" duration-ms="2290" started-at="2020-06-03T12:34:56Z" finished-at="2020-06-03T12:34:58Z">
          <reporter-output>
          </reporter-output>
        </test-method> <!-- verify_Tolls_data_on_tandc_for_Awarded_Quote -->
        <test-method status="PASS" signature="Verify_Freight_Per_Gallon_Values_in_TandC_for_Awarded_quote()[pri:34, instance:VF_Quote_Creation_And_Response.FTL_Quote_Buyer_Side_Verification_Ranking_Basis_Per_Del@2c039ac6]" name="Verify_Freight_Per_Gallon_Values_in_TandC_for_Awarded_quote" duration-ms="597" started-at="2020-06-03T12:34:58Z" finished-at="2020-06-03T12:34:59Z">
          <reporter-output>
          </reporter-output>
        </test-method> <!-- Verify_Freight_Per_Gallon_Values_in_TandC_for_Awarded_quote -->
        <test-method status="PASS" signature="Verify_Total_Charges_Frt_$_Per_Gall_in_TandC_for_Awarded_quote()[pri:35, instance:VF_Quote_Creation_And_Response.FTL_Quote_Buyer_Side_Verification_Ranking_Basis_Per_Del@2c039ac6]" name="Verify_Total_Charges_Frt_$_Per_Gall_in_TandC_for_Awarded_quote" duration-ms="555" started-at="2020-06-03T12:34:59Z" finished-at="2020-06-03T12:35:00Z">
          <reporter-output>
          </reporter-output>
        </test-method> <!-- Verify_Total_Charges_Frt_$_Per_Gall_in_TandC_for_Awarded_quote -->
        <test-method status="PASS" signature="Verify_$_Per_Period_Values_on_TandC_for_Awarded_quote()[pri:36, instance:VF_Quote_Creation_And_Response.FTL_Quote_Buyer_Side_Verification_Ranking_Basis_Per_Del@2c039ac6]" name="Verify_$_Per_Period_Values_on_TandC_for_Awarded_quote" duration-ms="215" started-at="2020-06-03T12:35:00Z" finished-at="2020-06-03T12:35:00Z">
          <reporter-output>
          </reporter-output>
        </test-method> <!-- Verify_$_Per_Period_Values_on_TandC_for_Awarded_quote -->
        <test-method status="PASS" signature="Verify_$_Per_del_Values_on_TandC_for_Awarded_quote()[pri:37, instance:VF_Quote_Creation_And_Response.FTL_Quote_Buyer_Side_Verification_Ranking_Basis_Per_Del@2c039ac6]" name="Verify_$_Per_del_Values_on_TandC_for_Awarded_quote" duration-ms="421" started-at="2020-06-03T12:35:00Z" finished-at="2020-06-03T12:35:00Z">
          <reporter-output>
          </reporter-output>
        </test-method> <!-- Verify_$_Per_del_Values_on_TandC_for_Awarded_quote -->
        <test-method status="PASS" signature="Verify_$_Per_Gal_Values_on_TandC_for_Awarded_quote()[pri:38, instance:VF_Quote_Creation_And_Response.FTL_Quote_Buyer_Side_Verification_Ranking_Basis_Per_Del@2c039ac6]" name="Verify_$_Per_Gal_Values_on_TandC_for_Awarded_quote" duration-ms="228" started-at="2020-06-03T12:35:00Z" finished-at="2020-06-03T12:35:00Z">
          <reporter-output>
          </reporter-output>
        </test-method> <!-- Verify_$_Per_Gal_Values_on_TandC_for_Awarded_quote -->
        <test-method status="PASS" signature="Verify_finaltotal_and_RankingBasis_Values_in_TandC_for_Awarded_quote_for_Awarded_Quote()[pri:39, instance:VF_Quote_Creation_And_Response.FTL_Quote_Buyer_Side_Verification_Ranking_Basis_Per_Del@2c039ac6]" name="Verify_finaltotal_and_RankingBasis_Values_in_TandC_for_Awarded_quote_for_Awarded_Quote" duration-ms="5298" started-at="2020-06-03T12:35:00Z" finished-at="2020-06-03T12:35:06Z">
          <reporter-output>
          </reporter-output>
        </test-method> <!-- Verify_finaltotal_and_RankingBasis_Values_in_TandC_for_Awarded_quote_for_Awarded_Quote -->
        <test-method status="PASS" signature="Open_Workbench_for_Awarded_quote()[pri:40, instance:VF_Quote_Creation_And_Response.FTL_Quote_Buyer_Side_Verification_Ranking_Basis_Per_Del@2c039ac6]" name="Open_Workbench_for_Awarded_quote" duration-ms="161" started-at="2020-06-03T12:35:06Z" finished-at="2020-06-03T12:35:06Z">
          <reporter-output>
          </reporter-output>
        </test-method> <!-- Open_Workbench_for_Awarded_quote -->
        <test-method status="PASS" signature="Verify_Buyer_Calculations_on_Workbench_for_Awarded_quote()[pri:41, instance:VF_Quote_Creation_And_Response.FTL_Quote_Buyer_Side_Verification_Ranking_Basis_Per_Del@2c039ac6]" name="Verify_Buyer_Calculations_on_Workbench_for_Awarded_quote" duration-ms="7694" started-at="2020-06-03T12:35:06Z" finished-at="2020-06-03T12:35:14Z">
          <reporter-output>
          </reporter-output>
        </test-method> <!-- Verify_Buyer_Calculations_on_Workbench_for_Awarded_quote -->
        <test-method status="PASS" signature="Verify_FuelSurcharge_and_Accesorialfees_in_Workbench_for_Awarded_quote()[pri:42, instance:VF_Quote_Creation_And_Response.FTL_Quote_Buyer_Side_Verification_Ranking_Basis_Per_Del@2c039ac6]" name="Verify_FuelSurcharge_and_Accesorialfees_in_Workbench_for_Awarded_quote" duration-ms="2168" started-at="2020-06-03T12:35:14Z" finished-at="2020-06-03T12:35:16Z">
          <reporter-output>
          </reporter-output>
        </test-method> <!-- Verify_FuelSurcharge_and_Accesorialfees_in_Workbench_for_Awarded_quote -->
        <test-method status="PASS" signature="Verify_Tolls_in_Workbench_for_Awarded_quote()[pri:43, instance:VF_Quote_Creation_And_Response.FTL_Quote_Buyer_Side_Verification_Ranking_Basis_Per_Del@2c039ac6]" name="Verify_Tolls_in_Workbench_for_Awarded_quote" duration-ms="197" started-at="2020-06-03T12:35:16Z" finished-at="2020-06-03T12:35:16Z">
          <reporter-output>
          </reporter-output>
        </test-method> <!-- Verify_Tolls_in_Workbench_for_Awarded_quote -->
        <test-method status="PASS" signature="Verify_Freight_Per_Gallon_Values_in_WorkBench_for_Awarded_quote()[pri:44, instance:VF_Quote_Creation_And_Response.FTL_Quote_Buyer_Side_Verification_Ranking_Basis_Per_Del@2c039ac6]" name="Verify_Freight_Per_Gallon_Values_in_WorkBench_for_Awarded_quote" duration-ms="700" started-at="2020-06-03T12:35:16Z" finished-at="2020-06-03T12:35:17Z">
          <reporter-output>
          </reporter-output>
        </test-method> <!-- Verify_Freight_Per_Gallon_Values_in_WorkBench_for_Awarded_quote -->
        <test-method status="PASS" signature="Verify_Total_Charges_Frt_$_Per_Gall_in_Workbench_for_Awarded_quote()[pri:45, instance:VF_Quote_Creation_And_Response.FTL_Quote_Buyer_Side_Verification_Ranking_Basis_Per_Del@2c039ac6]" name="Verify_Total_Charges_Frt_$_Per_Gall_in_Workbench_for_Awarded_quote" duration-ms="535" started-at="2020-06-03T12:35:17Z" finished-at="2020-06-03T12:35:17Z">
          <reporter-output>
          </reporter-output>
        </test-method> <!-- Verify_Total_Charges_Frt_$_Per_Gall_in_Workbench_for_Awarded_quote -->
        <test-method status="PASS" signature="Verify_$_Per_Period_Values_on_Workbench_for_Awarded_quote()[pri:46, instance:VF_Quote_Creation_And_Response.FTL_Quote_Buyer_Side_Verification_Ranking_Basis_Per_Del@2c039ac6]" name="Verify_$_Per_Period_Values_on_Workbench_for_Awarded_quote" duration-ms="805" started-at="2020-06-03T12:35:17Z" finished-at="2020-06-03T12:35:18Z">
          <reporter-output>
          </reporter-output>
        </test-method> <!-- Verify_$_Per_Period_Values_on_Workbench_for_Awarded_quote -->
        <test-method status="PASS" signature="Verify_$_Per_del_Values_on_Workbench_for_Awarded_quote()[pri:47, instance:VF_Quote_Creation_And_Response.FTL_Quote_Buyer_Side_Verification_Ranking_Basis_Per_Del@2c039ac6]" name="Verify_$_Per_del_Values_on_Workbench_for_Awarded_quote" duration-ms="283" started-at="2020-06-03T12:35:18Z" finished-at="2020-06-03T12:35:18Z">
          <reporter-output>
          </reporter-output>
        </test-method> <!-- Verify_$_Per_del_Values_on_Workbench_for_Awarded_quote -->
        <test-method status="PASS" signature="Verify_$_Per_Gal_Values_on_Workbench_for_Awarded_quote()[pri:48, instance:VF_Quote_Creation_And_Response.FTL_Quote_Buyer_Side_Verification_Ranking_Basis_Per_Del@2c039ac6]" name="Verify_$_Per_Gal_Values_on_Workbench_for_Awarded_quote" duration-ms="264" started-at="2020-06-03T12:35:18Z" finished-at="2020-06-03T12:35:19Z">
          <reporter-output>
          </reporter-output>
        </test-method> <!-- Verify_$_Per_Gal_Values_on_Workbench_for_Awarded_quote -->
        <test-method status="PASS" signature="Close_Workbench_for_Awarded_quote()[pri:49, instance:VF_Quote_Creation_And_Response.FTL_Quote_Buyer_Side_Verification_Ranking_Basis_Per_Del@2c039ac6]" name="Close_Workbench_for_Awarded_quote" duration-ms="2258" started-at="2020-06-03T12:35:19Z" finished-at="2020-06-03T12:35:21Z">
          <reporter-output>
          </reporter-output>
        </test-method> <!-- Close_Workbench_for_Awarded_quote -->
        <test-method status="PASS" signature="Veify_Buyer_Logout()[pri:50, instance:VF_Quote_Creation_And_Response.FTL_Quote_Buyer_Side_Verification_Ranking_Basis_Per_Del@2c039ac6]" name="Veify_Buyer_Logout" duration-ms="4065" started-at="2020-06-03T12:35:21Z" finished-at="2020-06-03T12:35:25Z">
          <reporter-output>
          </reporter-output>
        </test-method> <!-- Veify_Buyer_Logout -->
        <test-method status="PASS" signature="teardowntest()[pri:0, instance:VF_Quote_Creation_And_Response.FTL_Quote_Buyer_Side_Verification_Ranking_Basis_Per_Del@2c039ac6]" name="teardowntest" is-config="true" duration-ms="93" started-at="2020-06-03T12:35:25Z" finished-at="2020-06-03T12:35:25Z">
          <reporter-output>
          </reporter-output>
        </test-method> <!-- teardowntest -->
      </class> <!-- VF_Quote_Creation_And_Response.FTL_Quote_Buyer_Side_Verification_Ranking_Basis_Per_Del -->
    </test> <!-- FTL Buyer calucation verification for $ per Del -->
    <test name="FTL Quote Creation Buyer $ per Gal" duration-ms="179510" started-at="2020-06-03T07:05:25Z" finished-at="2020-06-03T07:08:24Z">
      <class name="VF_Quote_Creation_And_Response.FTL_Quote_Creation_Buyer_Ranking_Basis_Per_Gal">
        <test-method status="PASS" signature="setUptest()[pri:0, instance:VF_Quote_Creation_And_Response.FTL_Quote_Creation_Buyer_Ranking_Basis_Per_Gal@23d2a7e8]" name="setUptest" is-config="true" duration-ms="3099" started-at="2020-06-03T12:35:25Z" finished-at="2020-06-03T12:35:28Z">
          <reporter-output>
          </reporter-output>
        </test-method> <!-- setUptest -->
        <test-method status="PASS" signature="Browser()[pri:0, instance:VF_Quote_Creation_And_Response.FTL_Quote_Creation_Buyer_Ranking_Basis_Per_Gal@23d2a7e8]" name="Browser" duration-ms="8177" started-at="2020-06-03T12:35:28Z" finished-at="2020-06-03T12:35:36Z">
          <reporter-output>
          </reporter-output>
        </test-method> <!-- Browser -->
        <test-method status="PASS" signature="Buyer_Login()[pri:1, instance:VF_Quote_Creation_And_Response.FTL_Quote_Creation_Buyer_Ranking_Basis_Per_Gal@23d2a7e8]" name="Buyer_Login" duration-ms="11410" started-at="2020-06-03T12:35:36Z" finished-at="2020-06-03T12:35:48Z">
          <reporter-output>
          </reporter-output>
        </test-method> <!-- Buyer_Login -->
        <test-method status="PASS" signature="verify_buyer_login()[pri:2, instance:VF_Quote_Creation_And_Response.FTL_Quote_Creation_Buyer_Ranking_Basis_Per_Gal@23d2a7e8]" name="verify_buyer_login" duration-ms="642" started-at="2020-06-03T12:35:48Z" finished-at="2020-06-03T12:35:48Z">
          <reporter-output>
          </reporter-output>
        </test-method> <!-- verify_buyer_login -->
        <test-method status="PASS" signature="Navigate_to_Create_Or_View_Page()[pri:3, instance:VF_Quote_Creation_And_Response.FTL_Quote_Creation_Buyer_Ranking_Basis_Per_Gal@23d2a7e8]" name="Navigate_to_Create_Or_View_Page" duration-ms="5123" started-at="2020-06-03T12:35:48Z" finished-at="2020-06-03T12:35:53Z">
          <reporter-output>
          </reporter-output>
        </test-method> <!-- Navigate_to_Create_Or_View_Page -->
        <test-method status="PASS" signature="Enter_Details_In_Create_Quote()[pri:4, instance:VF_Quote_Creation_And_Response.FTL_Quote_Creation_Buyer_Ranking_Basis_Per_Gal@23d2a7e8]" name="Enter_Details_In_Create_Quote" duration-ms="6876" started-at="2020-06-03T12:35:53Z" finished-at="2020-06-03T12:36:00Z">
          <reporter-output>
          </reporter-output>
        </test-method> <!-- Enter_Details_In_Create_Quote -->
        <test-method status="PASS" signature="Select_Division_And_Delivery_Location()[pri:5, instance:VF_Quote_Creation_And_Response.FTL_Quote_Creation_Buyer_Ranking_Basis_Per_Gal@23d2a7e8]" name="Select_Division_And_Delivery_Location" duration-ms="10630" started-at="2020-06-03T12:36:00Z" finished-at="2020-06-03T12:36:11Z">
          <reporter-output>
          </reporter-output>
        </test-method> <!-- Select_Division_And_Delivery_Location -->
        <test-method status="PASS" signature="Open_Modify()[pri:6, instance:VF_Quote_Creation_And_Response.FTL_Quote_Creation_Buyer_Ranking_Basis_Per_Gal@23d2a7e8]" name="Open_Modify" duration-ms="8497" started-at="2020-06-03T12:36:11Z" finished-at="2020-06-03T12:36:19Z">
          <reporter-output>
          </reporter-output>
        </test-method> <!-- Open_Modify -->
        <test-method status="PASS" signature="Enter_Details_In_Tand()[pri:7, instance:VF_Quote_Creation_And_Response.FTL_Quote_Creation_Buyer_Ranking_Basis_Per_Gal@23d2a7e8]" name="Enter_Details_In_Tand" duration-ms="74633" started-at="2020-06-03T12:36:19Z" finished-at="2020-06-03T12:37:34Z">
          <reporter-output>
          </reporter-output>
        </test-method> <!-- Enter_Details_In_Tand -->
        <test-method status="PASS" signature="Quote_Save_As_Draft()[pri:8, instance:VF_Quote_Creation_And_Response.FTL_Quote_Creation_Buyer_Ranking_Basis_Per_Gal@23d2a7e8]" name="Quote_Save_As_Draft" duration-ms="8937" started-at="2020-06-03T12:37:34Z" finished-at="2020-06-03T12:37:43Z">
          <reporter-output>
          </reporter-output>
        </test-method> <!-- Quote_Save_As_Draft -->
        <test-method status="PASS" signature="Select_Sellers_For_Quote()[pri:9, instance:VF_Quote_Creation_And_Response.FTL_Quote_Creation_Buyer_Ranking_Basis_Per_Gal@23d2a7e8]" name="Select_Sellers_For_Quote" duration-ms="19435" started-at="2020-06-03T12:37:43Z" finished-at="2020-06-03T12:38:02Z">
          <reporter-output>
          </reporter-output>
        </test-method> <!-- Select_Sellers_For_Quote -->
        <test-method status="PASS" signature="Save_And_Send_Quote_To_Seller()[pri:10, instance:VF_Quote_Creation_And_Response.FTL_Quote_Creation_Buyer_Ranking_Basis_Per_Gal@23d2a7e8]" name="Save_And_Send_Quote_To_Seller" duration-ms="8992" started-at="2020-06-03T12:38:02Z" finished-at="2020-06-03T12:38:11Z">
          <reporter-output>
          </reporter-output>
        </test-method> <!-- Save_And_Send_Quote_To_Seller -->
        <test-method status="PASS" signature="Verify_Save_And_Send_Quote_In_Active_Quotes()[pri:11, instance:VF_Quote_Creation_And_Response.FTL_Quote_Creation_Buyer_Ranking_Basis_Per_Gal@23d2a7e8]" name="Verify_Save_And_Send_Quote_In_Active_Quotes" duration-ms="9256" started-at="2020-06-03T12:38:11Z" finished-at="2020-06-03T12:38:21Z">
          <reporter-output>
          </reporter-output>
        </test-method> <!-- Verify_Save_And_Send_Quote_In_Active_Quotes -->
        <test-method status="PASS" signature="Veify_Buyer_Logout()[pri:12, instance:VF_Quote_Creation_And_Response.FTL_Quote_Creation_Buyer_Ranking_Basis_Per_Gal@23d2a7e8]" name="Veify_Buyer_Logout" duration-ms="3729" started-at="2020-06-03T12:38:21Z" finished-at="2020-06-03T12:38:24Z">
          <reporter-output>
          </reporter-output>
        </test-method> <!-- Veify_Buyer_Logout -->
        <test-method status="PASS" signature="teardowntest()[pri:0, instance:VF_Quote_Creation_And_Response.FTL_Quote_Creation_Buyer_Ranking_Basis_Per_Gal@23d2a7e8]" name="teardowntest" is-config="true" duration-ms="63" started-at="2020-06-03T12:38:24Z" finished-at="2020-06-03T12:38:24Z">
          <reporter-output>
          </reporter-output>
        </test-method> <!-- teardowntest -->
      </class> <!-- VF_Quote_Creation_And_Response.FTL_Quote_Creation_Buyer_Ranking_Basis_Per_Gal -->
    </test> <!-- FTL Quote Creation Buyer $ per Gal -->
    <test name="FTL Seller Response $ per Gal" duration-ms="173728" started-at="2020-06-03T07:08:24Z" finished-at="2020-06-03T07:11:18Z">
      <class name="VF_Quote_Creation_And_Response.FTL_Quote_Seller_Response_Ranking_Basis_Per_Gal">
        <test-method status="PASS" signature="setUptest()[pri:0, instance:VF_Quote_Creation_And_Response.FTL_Quote_Seller_Response_Ranking_Basis_Per_Gal@60285225]" name="setUptest" is-config="true" duration-ms="3035" started-at="2020-06-03T12:38:24Z" finished-at="2020-06-03T12:38:28Z">
          <reporter-output>
          </reporter-output>
        </test-method> <!-- setUptest -->
        <test-method status="PASS" signature="Open_Browser()[pri:0, instance:VF_Quote_Creation_And_Response.FTL_Quote_Seller_Response_Ranking_Basis_Per_Gal@60285225]" name="Open_Browser" duration-ms="9301" started-at="2020-06-03T12:38:28Z" finished-at="2020-06-03T12:38:37Z">
          <reporter-output>
          </reporter-output>
        </test-method> <!-- Open_Browser -->
        <test-method status="PASS" signature="Seller_Login()[pri:1, instance:VF_Quote_Creation_And_Response.FTL_Quote_Seller_Response_Ranking_Basis_Per_Gal@60285225]" name="Seller_Login" duration-ms="14902" started-at="2020-06-03T12:38:37Z" finished-at="2020-06-03T12:38:52Z">
          <reporter-output>
          </reporter-output>
        </test-method> <!-- Seller_Login -->
        <test-method status="PASS" signature="verify_Seller_login()[pri:2, instance:VF_Quote_Creation_And_Response.FTL_Quote_Seller_Response_Ranking_Basis_Per_Gal@60285225]" name="verify_Seller_login" duration-ms="562" started-at="2020-06-03T12:38:52Z" finished-at="2020-06-03T12:38:52Z">
          <reporter-output>
          </reporter-output>
        </test-method> <!-- verify_Seller_login -->
        <test-method status="PASS" signature="Navigate_to_Review_Quote()[pri:3, instance:VF_Quote_Creation_And_Response.FTL_Quote_Seller_Response_Ranking_Basis_Per_Gal@60285225]" name="Navigate_to_Review_Quote" duration-ms="16336" started-at="2020-06-03T12:38:52Z" finished-at="2020-06-03T12:39:09Z">
          <reporter-output>
          </reporter-output>
        </test-method> <!-- Navigate_to_Review_Quote -->
        <test-method status="PASS" signature="Seller_New_Quote_Search()[pri:4, instance:VF_Quote_Creation_And_Response.FTL_Quote_Seller_Response_Ranking_Basis_Per_Gal@60285225]" name="Seller_New_Quote_Search" duration-ms="14526" started-at="2020-06-03T12:39:09Z" finished-at="2020-06-03T12:39:23Z">
          <reporter-output>
          </reporter-output>
        </test-method> <!-- Seller_New_Quote_Search -->
        <test-method status="PASS" signature="Verify_Quote_status_as_New()[pri:5, instance:VF_Quote_Creation_And_Response.FTL_Quote_Seller_Response_Ranking_Basis_Per_Gal@60285225]" name="Verify_Quote_status_as_New" duration-ms="539" started-at="2020-06-03T12:39:23Z" finished-at="2020-06-03T12:39:24Z">
          <reporter-output>
          </reporter-output>
        </test-method> <!-- Verify_Quote_status_as_New -->
        <test-method status="PASS" signature="Enter_Tolls_on_Quick_Respose_grid()[pri:6, instance:VF_Quote_Creation_And_Response.FTL_Quote_Seller_Response_Ranking_Basis_Per_Gal@60285225]" name="Enter_Tolls_on_Quick_Respose_grid" duration-ms="7215" started-at="2020-06-03T12:39:24Z" finished-at="2020-06-03T12:39:31Z">
          <reporter-output>
          </reporter-output>
        </test-method> <!-- Enter_Tolls_on_Quick_Respose_grid -->
        <test-method status="PASS" signature="Verify_Quote_status_as_HoldAsDraft()[pri:7, instance:VF_Quote_Creation_And_Response.FTL_Quote_Seller_Response_Ranking_Basis_Per_Gal@60285225]" name="Verify_Quote_status_as_HoldAsDraft" duration-ms="81" started-at="2020-06-03T12:39:31Z" finished-at="2020-06-03T12:39:31Z">
          <reporter-output>
          </reporter-output>
        </test-method> <!-- Verify_Quote_status_as_HoldAsDraft -->
        <test-method status="PASS" signature="Enter_data_on_Freight_Per_Gallon_in_Quick_Response_Grid()[pri:8, instance:VF_Quote_Creation_And_Response.FTL_Quote_Seller_Response_Ranking_Basis_Per_Gal@60285225]" name="Enter_data_on_Freight_Per_Gallon_in_Quick_Response_Grid" duration-ms="11012" started-at="2020-06-03T12:39:31Z" finished-at="2020-06-03T12:39:42Z">
          <reporter-output>
          </reporter-output>
        </test-method> <!-- Enter_data_on_Freight_Per_Gallon_in_Quick_Response_Grid -->
        <test-method status="PASS" signature="Enter_FuelSurcharge()[pri:9, instance:VF_Quote_Creation_And_Response.FTL_Quote_Seller_Response_Ranking_Basis_Per_Gal@60285225]" name="Enter_FuelSurcharge" duration-ms="2425" started-at="2020-06-03T12:39:42Z" finished-at="2020-06-03T12:39:44Z">
          <reporter-output>
          </reporter-output>
        </test-method> <!-- Enter_FuelSurcharge -->
        <test-method status="PASS" signature="save_response_tandc()[pri:10, instance:VF_Quote_Creation_And_Response.FTL_Quote_Seller_Response_Ranking_Basis_Per_Gal@60285225]" name="save_response_tandc" duration-ms="5553" started-at="2020-06-03T12:39:44Z" finished-at="2020-06-03T12:39:50Z">
          <reporter-output>
          </reporter-output>
        </test-method> <!-- save_response_tandc -->
        <test-method status="PASS" signature="Verify_Quote_status_as_ReadytoSubmit()[pri:11, instance:VF_Quote_Creation_And_Response.FTL_Quote_Seller_Response_Ranking_Basis_Per_Gal@60285225]" name="Verify_Quote_status_as_ReadytoSubmit" duration-ms="89" started-at="2020-06-03T12:39:50Z" finished-at="2020-06-03T12:39:50Z">
          <reporter-output>
          </reporter-output>
        </test-method> <!-- Verify_Quote_status_as_ReadytoSubmit -->
        <test-method status="PASS" signature="verify_FuelSurcharge_AccessorialFees_And_Tolls_data_on_tandc()[pri:12, instance:VF_Quote_Creation_And_Response.FTL_Quote_Seller_Response_Ranking_Basis_Per_Gal@60285225]" name="verify_FuelSurcharge_AccessorialFees_And_Tolls_data_on_tandc" duration-ms="20817" started-at="2020-06-03T12:39:50Z" finished-at="2020-06-03T12:40:11Z">
          <reporter-output>
          </reporter-output>
        </test-method> <!-- verify_FuelSurcharge_AccessorialFees_And_Tolls_data_on_tandc -->
        <test-method status="PASS" signature="Verify_Freight_Per_Gallon_Values_in_TandC()[pri:13, instance:VF_Quote_Creation_And_Response.FTL_Quote_Seller_Response_Ranking_Basis_Per_Gal@60285225]" name="Verify_Freight_Per_Gallon_Values_in_TandC" duration-ms="598" started-at="2020-06-03T12:40:11Z" finished-at="2020-06-03T12:40:11Z">
          <reporter-output>
          </reporter-output>
        </test-method> <!-- Verify_Freight_Per_Gallon_Values_in_TandC -->
        <test-method status="PASS" signature="Retrieve_Total_charges_Frt_Per_Gallon_Values_From_TandC()[pri:14, instance:VF_Quote_Creation_And_Response.FTL_Quote_Seller_Response_Ranking_Basis_Per_Gal@60285225]" name="Retrieve_Total_charges_Frt_Per_Gallon_Values_From_TandC" duration-ms="1203" started-at="2020-06-03T12:40:11Z" finished-at="2020-06-03T12:40:13Z">
          <reporter-output>
          </reporter-output>
        </test-method> <!-- Retrieve_Total_charges_Frt_Per_Gallon_Values_From_TandC -->
        <test-method status="PASS" signature="Retrieve_$_Per_Period_Values_From_TandC()[pri:15, instance:VF_Quote_Creation_And_Response.FTL_Quote_Seller_Response_Ranking_Basis_Per_Gal@60285225]" name="Retrieve_$_Per_Period_Values_From_TandC" duration-ms="610" started-at="2020-06-03T12:40:13Z" finished-at="2020-06-03T12:40:13Z">
          <reporter-output>
          </reporter-output>
        </test-method> <!-- Retrieve_$_Per_Period_Values_From_TandC -->
        <test-method status="PASS" signature="Retrieve_$_Per_Del_Values_From_TandC()[pri:16, instance:VF_Quote_Creation_And_Response.FTL_Quote_Seller_Response_Ranking_Basis_Per_Gal@60285225]" name="Retrieve_$_Per_Del_Values_From_TandC" duration-ms="540" started-at="2020-06-03T12:40:13Z" finished-at="2020-06-03T12:40:14Z">
          <reporter-output>
          </reporter-output>
        </test-method> <!-- Retrieve_$_Per_Del_Values_From_TandC -->
        <test-method status="PASS" signature="Retrieve_$_Per_Gal_Values_From_TandC()[pri:17, instance:VF_Quote_Creation_And_Response.FTL_Quote_Seller_Response_Ranking_Basis_Per_Gal@60285225]" name="Retrieve_$_Per_Gal_Values_From_TandC" duration-ms="943" started-at="2020-06-03T12:40:14Z" finished-at="2020-06-03T12:40:15Z">
          <reporter-output>
          </reporter-output>
        </test-method> <!-- Retrieve_$_Per_Gal_Values_From_TandC -->
        <test-method status="PASS" signature="Verify_Fuelsurcharge_And_Accessorial_Service_on_Workbench()[pri:18, instance:VF_Quote_Creation_And_Response.FTL_Quote_Seller_Response_Ranking_Basis_Per_Gal@60285225]" name="Verify_Fuelsurcharge_And_Accessorial_Service_on_Workbench" duration-ms="5285" started-at="2020-06-03T12:40:15Z" finished-at="2020-06-03T12:40:20Z">
          <reporter-output>
          </reporter-output>
        </test-method> <!-- Verify_Fuelsurcharge_And_Accessorial_Service_on_Workbench -->
        <test-method status="PASS" signature="Verify_Tolls_in_Workbench()[pri:19, instance:VF_Quote_Creation_And_Response.FTL_Quote_Seller_Response_Ranking_Basis_Per_Gal@60285225]" name="Verify_Tolls_in_Workbench" duration-ms="144" started-at="2020-06-03T12:40:20Z" finished-at="2020-06-03T12:40:20Z">
          <reporter-output>
          </reporter-output>
        </test-method> <!-- Verify_Tolls_in_Workbench -->
        <test-method status="PASS" signature="Verify_Freight_Per_Gallon_Values_in_WorkBench()[pri:20, instance:VF_Quote_Creation_And_Response.FTL_Quote_Seller_Response_Ranking_Basis_Per_Gal@60285225]" name="Verify_Freight_Per_Gallon_Values_in_WorkBench" duration-ms="535" started-at="2020-06-03T12:40:20Z" finished-at="2020-06-03T12:40:21Z">
          <reporter-output>
          </reporter-output>
        </test-method> <!-- Verify_Freight_Per_Gallon_Values_in_WorkBench -->
        <test-method status="PASS" signature="Verify_Total_Charges_Frt_$_Per_Gall_in_Workbench()[pri:21, instance:VF_Quote_Creation_And_Response.FTL_Quote_Seller_Response_Ranking_Basis_Per_Gal@60285225]" name="Verify_Total_Charges_Frt_$_Per_Gall_in_Workbench" duration-ms="469" started-at="2020-06-03T12:40:21Z" finished-at="2020-06-03T12:40:21Z">
          <reporter-output>
          </reporter-output>
        </test-method> <!-- Verify_Total_Charges_Frt_$_Per_Gall_in_Workbench -->
        <test-method status="PASS" signature="Verify_$_Per_Period_Values_on_Workbench()[pri:22, instance:VF_Quote_Creation_And_Response.FTL_Quote_Seller_Response_Ranking_Basis_Per_Gal@60285225]" name="Verify_$_Per_Period_Values_on_Workbench" duration-ms="775" started-at="2020-06-03T12:40:21Z" finished-at="2020-06-03T12:40:22Z">
          <reporter-output>
          </reporter-output>
        </test-method> <!-- Verify_$_Per_Period_Values_on_Workbench -->
        <test-method status="PASS" signature="Verify_$_Per_del_Values_on_Workbench()[pri:23, instance:VF_Quote_Creation_And_Response.FTL_Quote_Seller_Response_Ranking_Basis_Per_Gal@60285225]" name="Verify_$_Per_del_Values_on_Workbench" duration-ms="228" started-at="2020-06-03T12:40:22Z" finished-at="2020-06-03T12:40:22Z">
          <reporter-output>
          </reporter-output>
        </test-method> <!-- Verify_$_Per_del_Values_on_Workbench -->
        <test-method status="PASS" signature="Verify_$_Per_Gal_Values_on_Workbench()[pri:24, instance:VF_Quote_Creation_And_Response.FTL_Quote_Seller_Response_Ranking_Basis_Per_Gal@60285225]" name="Verify_$_Per_Gal_Values_on_Workbench" duration-ms="210" started-at="2020-06-03T12:40:22Z" finished-at="2020-06-03T12:40:22Z">
          <reporter-output>
          </reporter-output>
        </test-method> <!-- Verify_$_Per_Gal_Values_on_Workbench -->
        <test-method status="PASS" signature="check_Publish_To_Buyer_Calculator()[pri:25, instance:VF_Quote_Creation_And_Response.FTL_Quote_Seller_Response_Ranking_Basis_Per_Gal@60285225]" name="check_Publish_To_Buyer_Calculator" duration-ms="2483" started-at="2020-06-03T12:40:22Z" finished-at="2020-06-03T12:40:25Z">
          <reporter-output>
          </reporter-output>
        </test-method> <!-- check_Publish_To_Buyer_Calculator -->
        <test-method status="PASS" signature="Get_Values_from_Buyer_Calculator()[pri:26, instance:VF_Quote_Creation_And_Response.FTL_Quote_Seller_Response_Ranking_Basis_Per_Gal@60285225]" name="Get_Values_from_Buyer_Calculator" duration-ms="1640" started-at="2020-06-03T12:40:25Z" finished-at="2020-06-03T12:40:27Z">
          <reporter-output>
          </reporter-output>
        </test-method> <!-- Get_Values_from_Buyer_Calculator -->
        <test-method status="PASS" signature="Verify_finaltotal_and_RankingBasis_Values()[pri:27, instance:VF_Quote_Creation_And_Response.FTL_Quote_Seller_Response_Ranking_Basis_Per_Gal@60285225]" name="Verify_finaltotal_and_RankingBasis_Values" duration-ms="12243" started-at="2020-06-03T12:40:27Z" finished-at="2020-06-03T12:40:39Z">
          <reporter-output>
          </reporter-output>
        </test-method> <!-- Verify_finaltotal_and_RankingBasis_Values -->
        <test-method status="PASS" signature="Submit_response()[pri:28, instance:VF_Quote_Creation_And_Response.FTL_Quote_Seller_Response_Ranking_Basis_Per_Gal@60285225]" name="Submit_response" duration-ms="8491" started-at="2020-06-03T12:40:39Z" finished-at="2020-06-03T12:40:47Z">
          <reporter-output>
          </reporter-output>
        </test-method> <!-- Submit_response -->
        <test-method status="PASS" signature="verify_Submitted_quote_in_Active()[pri:29, instance:VF_Quote_Creation_And_Response.FTL_Quote_Seller_Response_Ranking_Basis_Per_Gal@60285225]" name="verify_Submitted_quote_in_Active" duration-ms="29275" started-at="2020-06-03T12:40:47Z" finished-at="2020-06-03T12:41:17Z">
          <reporter-output>
          </reporter-output>
        </test-method> <!-- verify_Submitted_quote_in_Active -->
        <test-method status="PASS" signature="Logout_seller()[pri:30, instance:VF_Quote_Creation_And_Response.FTL_Quote_Seller_Response_Ranking_Basis_Per_Gal@60285225]" name="Logout_seller" duration-ms="1578" started-at="2020-06-03T12:41:17Z" finished-at="2020-06-03T12:41:18Z">
          <reporter-output>
          </reporter-output>
        </test-method> <!-- Logout_seller -->
        <test-method status="PASS" signature="teardowntest()[pri:0, instance:VF_Quote_Creation_And_Response.FTL_Quote_Seller_Response_Ranking_Basis_Per_Gal@60285225]" name="teardowntest" is-config="true" duration-ms="64" started-at="2020-06-03T12:41:18Z" finished-at="2020-06-03T12:41:18Z">
          <reporter-output>
          </reporter-output>
        </test-method> <!-- teardowntest -->
      </class> <!-- VF_Quote_Creation_And_Response.FTL_Quote_Seller_Response_Ranking_Basis_Per_Gal -->
    </test> <!-- FTL Seller Response $ per Gal -->
    <test name="FTL Buyer calucation verification for $ per Gal" duration-ms="152838" started-at="2020-06-03T07:11:18Z" finished-at="2020-06-03T07:13:51Z">
      <class name="VF_Quote_Creation_And_Response.FTL_Quote_Buyer_Side_Verification_Ranking_Basis_Per_Gal">
        <test-method status="PASS" signature="setUptest()[pri:0, instance:VF_Quote_Creation_And_Response.FTL_Quote_Buyer_Side_Verification_Ranking_Basis_Per_Gal@25af5db5]" name="setUptest" is-config="true" duration-ms="3814" started-at="2020-06-03T12:41:18Z" finished-at="2020-06-03T12:41:22Z">
          <reporter-output>
          </reporter-output>
        </test-method> <!-- setUptest -->
        <test-method status="PASS" signature="Browser()[pri:0, instance:VF_Quote_Creation_And_Response.FTL_Quote_Buyer_Side_Verification_Ranking_Basis_Per_Gal@25af5db5]" name="Browser" duration-ms="8784" started-at="2020-06-03T12:41:22Z" finished-at="2020-06-03T12:41:31Z">
          <reporter-output>
          </reporter-output>
        </test-method> <!-- Browser -->
        <test-method status="PASS" signature="Buyer_Login()[pri:1, instance:VF_Quote_Creation_And_Response.FTL_Quote_Buyer_Side_Verification_Ranking_Basis_Per_Gal@25af5db5]" name="Buyer_Login" duration-ms="11888" started-at="2020-06-03T12:41:31Z" finished-at="2020-06-03T12:41:43Z">
          <reporter-output>
          </reporter-output>
        </test-method> <!-- Buyer_Login -->
        <test-method status="PASS" signature="verify_buyer_login()[pri:2, instance:VF_Quote_Creation_And_Response.FTL_Quote_Buyer_Side_Verification_Ranking_Basis_Per_Gal@25af5db5]" name="verify_buyer_login" duration-ms="62" started-at="2020-06-03T12:41:43Z" finished-at="2020-06-03T12:41:43Z">
          <reporter-output>
          </reporter-output>
        </test-method> <!-- verify_buyer_login -->
        <test-method status="PASS" signature="Navigate_to_Create_Or_View_Page()[pri:3, instance:VF_Quote_Creation_And_Response.FTL_Quote_Buyer_Side_Verification_Ranking_Basis_Per_Gal@25af5db5]" name="Navigate_to_Create_Or_View_Page" duration-ms="4933" started-at="2020-06-03T12:41:43Z" finished-at="2020-06-03T12:41:48Z">
          <reporter-output>
          </reporter-output>
        </test-method> <!-- Navigate_to_Create_Or_View_Page -->
        <test-method status="PASS" signature="Open_Quote_In_Active_Tab()[pri:4, instance:VF_Quote_Creation_And_Response.FTL_Quote_Buyer_Side_Verification_Ranking_Basis_Per_Gal@25af5db5]" name="Open_Quote_In_Active_Tab" duration-ms="9219" started-at="2020-06-03T12:41:48Z" finished-at="2020-06-03T12:41:57Z">
          <reporter-output>
          </reporter-output>
        </test-method> <!-- Open_Quote_In_Active_Tab -->
        <test-method status="PASS" signature="Verify_Page_Navigated_To_Delivery_Location()[pri:5, instance:VF_Quote_Creation_And_Response.FTL_Quote_Buyer_Side_Verification_Ranking_Basis_Per_Gal@25af5db5]" name="Verify_Page_Navigated_To_Delivery_Location" duration-ms="1972" started-at="2020-06-03T12:41:57Z" finished-at="2020-06-03T12:41:59Z">
          <reporter-output>
          </reporter-output>
        </test-method> <!-- Verify_Page_Navigated_To_Delivery_Location -->
        <test-method status="PASS" signature="Open_Delivery_Location_list()[pri:6, instance:VF_Quote_Creation_And_Response.FTL_Quote_Buyer_Side_Verification_Ranking_Basis_Per_Gal@25af5db5]" name="Open_Delivery_Location_list" duration-ms="93" started-at="2020-06-03T12:41:59Z" finished-at="2020-06-03T12:41:59Z">
          <reporter-output>
          </reporter-output>
        </test-method> <!-- Open_Delivery_Location_list -->
        <test-method status="PASS" signature="Verify_Page_Is_Navigated_To_Manage_Rounds()[pri:7, instance:VF_Quote_Creation_And_Response.FTL_Quote_Buyer_Side_Verification_Ranking_Basis_Per_Gal@25af5db5]" name="Verify_Page_Is_Navigated_To_Manage_Rounds" duration-ms="6869" started-at="2020-06-03T12:41:59Z" finished-at="2020-06-03T12:42:06Z">
          <reporter-output>
          </reporter-output>
        </test-method> <!-- Verify_Page_Is_Navigated_To_Manage_Rounds -->
        <test-method status="PASS" signature="Open_View_in_TandC()[pri:8, instance:VF_Quote_Creation_And_Response.FTL_Quote_Buyer_Side_Verification_Ranking_Basis_Per_Gal@25af5db5]" name="Open_View_in_TandC" duration-ms="93" started-at="2020-06-03T12:42:06Z" finished-at="2020-06-03T12:42:06Z">
          <reporter-output>
          </reporter-output>
        </test-method> <!-- Open_View_in_TandC -->
        <test-method status="PASS" signature="Verify_FuelSurcharge_and_Accessorial_Service_Fees_Per_Delivery_in_TandC()[pri:9, instance:VF_Quote_Creation_And_Response.FTL_Quote_Buyer_Side_Verification_Ranking_Basis_Per_Gal@25af5db5]" name="Verify_FuelSurcharge_and_Accessorial_Service_Fees_Per_Delivery_in_TandC" duration-ms="6474" started-at="2020-06-03T12:42:06Z" finished-at="2020-06-03T12:42:12Z">
          <reporter-output>
          </reporter-output>
        </test-method> <!-- Verify_FuelSurcharge_and_Accessorial_Service_Fees_Per_Delivery_in_TandC -->
        <test-method status="PASS" signature="verify_Tolls_data_on_tandc()[pri:10, instance:VF_Quote_Creation_And_Response.FTL_Quote_Buyer_Side_Verification_Ranking_Basis_Per_Gal@25af5db5]" name="verify_Tolls_data_on_tandc" duration-ms="2272" started-at="2020-06-03T12:42:12Z" finished-at="2020-06-03T12:42:15Z">
          <reporter-output>
          </reporter-output>
        </test-method> <!-- verify_Tolls_data_on_tandc -->
        <test-method status="PASS" signature="Verify_Freight_Per_Gallon_Values_in_TandC()[pri:11, instance:VF_Quote_Creation_And_Response.FTL_Quote_Buyer_Side_Verification_Ranking_Basis_Per_Gal@25af5db5]" name="Verify_Freight_Per_Gallon_Values_in_TandC" duration-ms="547" started-at="2020-06-03T12:42:15Z" finished-at="2020-06-03T12:42:15Z">
          <reporter-output>
          </reporter-output>
        </test-method> <!-- Verify_Freight_Per_Gallon_Values_in_TandC -->
        <test-method status="PASS" signature="Verify_Total_Charges_Frt_$_Per_Gall_in_TandC()[pri:12, instance:VF_Quote_Creation_And_Response.FTL_Quote_Buyer_Side_Verification_Ranking_Basis_Per_Gal@25af5db5]" name="Verify_Total_Charges_Frt_$_Per_Gall_in_TandC" duration-ms="533" started-at="2020-06-03T12:42:15Z" finished-at="2020-06-03T12:42:16Z">
          <reporter-output>
          </reporter-output>
        </test-method> <!-- Verify_Total_Charges_Frt_$_Per_Gall_in_TandC -->
        <test-method status="PASS" signature="Verify_$_Per_Period_Values_on_TandC()[pri:13, instance:VF_Quote_Creation_And_Response.FTL_Quote_Buyer_Side_Verification_Ranking_Basis_Per_Gal@25af5db5]" name="Verify_$_Per_Period_Values_on_TandC" duration-ms="215" started-at="2020-06-03T12:42:16Z" finished-at="2020-06-03T12:42:16Z">
          <reporter-output>
          </reporter-output>
        </test-method> <!-- Verify_$_Per_Period_Values_on_TandC -->
        <test-method status="PASS" signature="Verify_$_Per_del_Values_on_TandC()[pri:14, instance:VF_Quote_Creation_And_Response.FTL_Quote_Buyer_Side_Verification_Ranking_Basis_Per_Gal@25af5db5]" name="Verify_$_Per_del_Values_on_TandC" duration-ms="217" started-at="2020-06-03T12:42:16Z" finished-at="2020-06-03T12:42:16Z">
          <reporter-output>
          </reporter-output>
        </test-method> <!-- Verify_$_Per_del_Values_on_TandC -->
        <test-method status="PASS" signature="Verify_$_Per_Gal_Values_on_TandC()[pri:15, instance:VF_Quote_Creation_And_Response.FTL_Quote_Buyer_Side_Verification_Ranking_Basis_Per_Gal@25af5db5]" name="Verify_$_Per_Gal_Values_on_TandC" duration-ms="200" started-at="2020-06-03T12:42:16Z" finished-at="2020-06-03T12:42:16Z">
          <reporter-output>
          </reporter-output>
        </test-method> <!-- Verify_$_Per_Gal_Values_on_TandC -->
        <test-method status="PASS" signature="Verify_finaltotal_and_RankingBasis_Values_in_TandC()[pri:16, instance:VF_Quote_Creation_And_Response.FTL_Quote_Buyer_Side_Verification_Ranking_Basis_Per_Gal@25af5db5]" name="Verify_finaltotal_and_RankingBasis_Values_in_TandC" duration-ms="5344" started-at="2020-06-03T12:42:16Z" finished-at="2020-06-03T12:42:22Z">
          <reporter-output>
          </reporter-output>
        </test-method> <!-- Verify_finaltotal_and_RankingBasis_Values_in_TandC -->
        <test-method status="PASS" signature="Open_Workbench()[pri:17, instance:VF_Quote_Creation_And_Response.FTL_Quote_Buyer_Side_Verification_Ranking_Basis_Per_Gal@25af5db5]" name="Open_Workbench" duration-ms="141" started-at="2020-06-03T12:42:22Z" finished-at="2020-06-03T12:42:22Z">
          <reporter-output>
          </reporter-output>
        </test-method> <!-- Open_Workbench -->
        <test-method status="PASS" signature="Verify_Buyer_Calculations_on_Workbench()[pri:18, instance:VF_Quote_Creation_And_Response.FTL_Quote_Buyer_Side_Verification_Ranking_Basis_Per_Gal@25af5db5]" name="Verify_Buyer_Calculations_on_Workbench" duration-ms="9801" started-at="2020-06-03T12:42:22Z" finished-at="2020-06-03T12:42:32Z">
          <reporter-output>
          </reporter-output>
        </test-method> <!-- Verify_Buyer_Calculations_on_Workbench -->
        <test-method status="PASS" signature="Verify_FuelSurcharge_and_Accesorialfees_in_Workbench()[pri:19, instance:VF_Quote_Creation_And_Response.FTL_Quote_Buyer_Side_Verification_Ranking_Basis_Per_Gal@25af5db5]" name="Verify_FuelSurcharge_and_Accesorialfees_in_Workbench" duration-ms="2150" started-at="2020-06-03T12:42:32Z" finished-at="2020-06-03T12:42:34Z">
          <reporter-output>
          </reporter-output>
        </test-method> <!-- Verify_FuelSurcharge_and_Accesorialfees_in_Workbench -->
        <test-method status="PASS" signature="Verify_Tolls_in_Workbench()[pri:20, instance:VF_Quote_Creation_And_Response.FTL_Quote_Buyer_Side_Verification_Ranking_Basis_Per_Gal@25af5db5]" name="Verify_Tolls_in_Workbench" duration-ms="220" started-at="2020-06-03T12:42:34Z" finished-at="2020-06-03T12:42:34Z">
          <reporter-output>
          </reporter-output>
        </test-method> <!-- Verify_Tolls_in_Workbench -->
        <test-method status="PASS" signature="Verify_Freight_Per_Gallon_Values_in_WorkBench()[pri:21, instance:VF_Quote_Creation_And_Response.FTL_Quote_Buyer_Side_Verification_Ranking_Basis_Per_Gal@25af5db5]" name="Verify_Freight_Per_Gallon_Values_in_WorkBench" duration-ms="611" started-at="2020-06-03T12:42:34Z" finished-at="2020-06-03T12:42:35Z">
          <reporter-output>
          </reporter-output>
        </test-method> <!-- Verify_Freight_Per_Gallon_Values_in_WorkBench -->
        <test-method status="PASS" signature="Verify_Total_Charges_Frt_$_Per_Gall_in_Workbench()[pri:22, instance:VF_Quote_Creation_And_Response.FTL_Quote_Buyer_Side_Verification_Ranking_Basis_Per_Gal@25af5db5]" name="Verify_Total_Charges_Frt_$_Per_Gall_in_Workbench" duration-ms="559" started-at="2020-06-03T12:42:35Z" finished-at="2020-06-03T12:42:35Z">
          <reporter-output>
          </reporter-output>
        </test-method> <!-- Verify_Total_Charges_Frt_$_Per_Gall_in_Workbench -->
[...]
          <reporter-output>
          </reporter-output>
        </test-method> <!-- Verify_Freight_Per_Gallon_Values_in_TandC -->
        <test-method status="PASS" signature="Verify_Total_Charges_Frt_$_Per_Gall_in_TandC()[pri:12, instance:VF_Quote_Creation_And_Response.FTL_Quote_Buyer_Side_Verification_Ranking_Basis_Per_Period@87f383f]" name="Verify_Total_Charges_Frt_$_Per_Gall_in_TandC" duration-ms="498" started-at="2020-06-03T12:50:14Z" finished-at="2020-06-03T12:50:15Z">
          <reporter-output>
          </reporter-output>
        </test-method> <!-- Verify_Total_Charges_Frt_$_Per_Gall_in_TandC -->
        <test-method status="PASS" signature="Verify_$_Per_Period_Values_on_TandC()[pri:13, instance:VF_Quote_Creation_And_Response.FTL_Quote_Buyer_Side_Verification_Ranking_Basis_Per_Period@87f383f]" name="Verify_$_Per_Period_Values_on_TandC" duration-ms="285" started-at="2020-06-03T12:50:15Z" finished-at="2020-06-03T12:50:15Z">
          <reporter-output>
          </reporter-output>
        </test-method> <!-- Verify_$_Per_Period_Values_on_TandC -->
        <test-method status="PASS" signature="Verify_$_Per_del_Values_on_TandC()[pri:14, instance:VF_Quote_Creation_And_Response.FTL_Quote_Buyer_Side_Verification_Ranking_Basis_Per_Period@87f383f]" name="Verify_$_Per_del_Values_on_TandC" duration-ms="216" started-at="2020-06-03T12:50:15Z" finished-at="2020-06-03T12:50:15Z">
          <reporter-output>
          </reporter-output>
        </test-method> <!-- Verify_$_Per_del_Values_on_TandC -->
        <test-method status="PASS" signature="Verify_$_Per_Gal_Values_on_TandC()[pri:15, instance:VF_Quote_Creation_And_Response.FTL_Quote_Buyer_Side_Verification_Ranking_Basis_Per_Period@87f383f]" name="Verify_$_Per_Gal_Values_on_TandC" duration-ms="209" started-at="2020-06-03T12:50:15Z" finished-at="2020-06-03T12:50:15Z">
          <reporter-output>
          </reporter-output>
        </test-method> <!-- Verify_$_Per_Gal_Values_on_TandC -->
        <test-method status="PASS" signature="Verify_finaltotal_and_RankingBasis_Values_in_TandC()[pri:16, instance:VF_Quote_Creation_And_Response.FTL_Quote_Buyer_Side_Verification_Ranking_Basis_Per_Period@87f383f]" name="Verify_finaltotal_and_RankingBasis_Values_in_TandC" duration-ms="5360" started-at="2020-06-03T12:50:15Z" finished-at="2020-06-03T12:50:21Z">
          <reporter-output>
          </reporter-output>
        </test-method> <!-- Verify_finaltotal_and_RankingBasis_Values_in_TandC -->
        <test-method status="PASS" signature="Open_Workbench()[pri:17, instance:VF_Quote_Creation_And_Response.FTL_Quote_Buyer_Side_Verification_Ranking_Basis_Per_Period@87f383f]" name="Open_Workbench" duration-ms="158" started-at="2020-06-03T12:50:21Z" finished-at="2020-06-03T12:50:21Z">
          <reporter-output>
          </reporter-output>
        </test-method> <!-- Open_Workbench -->
        <test-method status="PASS" signature="Verify_Buyer_Calculations_on_Workbench()[pri:18, instance:VF_Quote_Creation_And_Response.FTL_Quote_Buyer_Side_Verification_Ranking_Basis_Per_Period@87f383f]" name="Verify_Buyer_Calculations_on_Workbench" duration-ms="11530" started-at="2020-06-03T12:50:21Z" finished-at="2020-06-03T12:50:32Z">
          <reporter-output>
          </reporter-output>
        </test-method> <!-- Verify_Buyer_Calculations_on_Workbench -->
        <test-method status="PASS" signature="Verify_FuelSurcharge_and_Accesorialfees_in_Workbench()[pri:19, instance:VF_Quote_Creation_And_Response.FTL_Quote_Buyer_Side_Verification_Ranking_Basis_Per_Period@87f383f]" name="Verify_FuelSurcharge_and_Accesorialfees_in_Workbench" duration-ms="2147" started-at="2020-06-03T12:50:32Z" finished-at="2020-06-03T12:50:34Z">
          <reporter-output>
          </reporter-output>
        </test-method> <!-- Verify_FuelSurcharge_and_Accesorialfees_in_Workbench -->
        <test-method status="PASS" signature="Verify_Tolls_in_Workbench()[pri:20, instance:VF_Quote_Creation_And_Response.FTL_Quote_Buyer_Side_Verification_Ranking_Basis_Per_Period@87f383f]" name="Verify_Tolls_in_Workbench" duration-ms="254" started-at="2020-06-03T12:50:34Z" finished-at="2020-06-03T12:50:35Z">
          <reporter-output>
          </reporter-output>
        </test-method> <!-- Verify_Tolls_in_Workbench -->
        <test-method status="PASS" signature="Verify_Freight_Per_Gallon_Values_in_WorkBench()[pri:21, instance:VF_Quote_Creation_And_Response.FTL_Quote_Buyer_Side_Verification_Ranking_Basis_Per_Period@87f383f]" name="Verify_Freight_Per_Gallon_Values_in_WorkBench" duration-ms="548" started-at="2020-06-03T12:50:35Z" finished-at="2020-06-03T12:50:35Z">
          <reporter-output>
          </reporter-output>
        </test-method> <!-- Verify_Freight_Per_Gallon_Values_in_WorkBench -->
        <test-method status="PASS" signature="Verify_Total_Charges_Frt_$_Per_Gall_in_Workbench()[pri:22, instance:VF_Quote_Creation_And_Response.FTL_Quote_Buyer_Side_Verification_Ranking_Basis_Per_Period@87f383f]" name="Verify_Total_Charges_Frt_$_Per_Gall_in_Workbench" duration-ms="505" started-at="2020-06-03T12:50:35Z" finished-at="2020-06-03T12:50:36Z">
          <reporter-output>
          </reporter-output>
        </test-method> <!-- Verify_Total_Charges_Frt_$_Per_Gall_in_Workbench -->
        <test-method status="PASS" signature="Verify_$_Per_Period_Values_on_Workbench()[pri:23, instance:VF_Quote_Creation_And_Response.FTL_Quote_Buyer_Side_Verification_Ranking_Basis_Per_Period@87f383f]" name="Verify_$_Per_Period_Values_on_Workbench" duration-ms="730" started-at="2020-06-03T12:50:36Z" finished-at="2020-06-03T12:50:37Z">
          <reporter-output>
          </reporter-output>
        </test-method> <!-- Verify_$_Per_Period_Values_on_Workbench -->
        <test-method status="PASS" signature="Verify_$_Per_del_Values_on_Workbench()[pri:24, instance:VF_Quote_Creation_And_Response.FTL_Quote_Buyer_Side_Verification_Ranking_Basis_Per_Period@87f383f]" name="Verify_$_Per_del_Values_on_Workbench" duration-ms="340" started-at="2020-06-03T12:50:37Z" finished-at="2020-06-03T12:50:37Z">
          <reporter-output>
          </reporter-output>
        </test-method> <!-- Verify_$_Per_del_Values_on_Workbench -->
        <test-method status="PASS" signature="Verify_$_Per_Gal_Values_on_Workbench()[pri:25, instance:VF_Quote_Creation_And_Response.FTL_Quote_Buyer_Side_Verification_Ranking_Basis_Per_Period@87f383f]" name="Verify_$_Per_Gal_Values_on_Workbench" duration-ms="402" started-at="2020-06-03T12:50:37Z" finished-at="2020-06-03T12:50:37Z">
          <reporter-output>
          </reporter-output>
        </test-method> <!-- Verify_$_Per_Gal_Values_on_Workbench -->
        <test-method status="PASS" signature="Close_Workbench()[pri:26, instance:VF_Quote_Creation_And_Response.FTL_Quote_Buyer_Side_Verification_Ranking_Basis_Per_Period@87f383f]" name="Close_Workbench" duration-ms="2198" started-at="2020-06-03T12:50:37Z" finished-at="2020-06-03T12:50:39Z">
          <reporter-output>
          </reporter-output>
        </test-method> <!-- Close_Workbench -->
        <test-method status="PASS" signature="Award_Quote()[pri:27, instance:VF_Quote_Creation_And_Response.FTL_Quote_Buyer_Side_Verification_Ranking_Basis_Per_Period@87f383f]" name="Award_Quote" duration-ms="22318" started-at="2020-06-03T12:50:39Z" finished-at="2020-06-03T12:51:02Z">
          <reporter-output>
          </reporter-output>
        </test-method> <!-- Award_Quote -->
        <test-method status="PASS" signature="Verify_Quote_in_Awarded_Tab()[pri:28, instance:VF_Quote_Creation_And_Response.FTL_Quote_Buyer_Side_Verification_Ranking_Basis_Per_Period@87f383f]" name="Verify_Quote_in_Awarded_Tab" duration-ms="5952" started-at="2020-06-03T12:51:02Z" finished-at="2020-06-03T12:51:08Z">
          <reporter-output>
          </reporter-output>
        </test-method> <!-- Verify_Quote_in_Awarded_Tab -->
        <test-method status="PASS" signature="Open_Awarded_Quote()[pri:29, instance:VF_Quote_Creation_And_Response.FTL_Quote_Buyer_Side_Verification_Ranking_Basis_Per_Period@87f383f]" name="Open_Awarded_Quote" duration-ms="6730" started-at="2020-06-03T12:51:08Z" finished-at="2020-06-03T12:51:14Z">
          <reporter-output>
          </reporter-output>
        </test-method> <!-- Open_Awarded_Quote -->
        <test-method status="PASS" signature="Verify_awarded_Quote_Status()[pri:30, instance:VF_Quote_Creation_And_Response.FTL_Quote_Buyer_Side_Verification_Ranking_Basis_Per_Period@87f383f]" name="Verify_awarded_Quote_Status" duration-ms="68" started-at="2020-06-03T12:51:14Z" finished-at="2020-06-03T12:51:15Z">
          <reporter-output>
          </reporter-output>
        </test-method> <!-- Verify_awarded_Quote_Status -->
        <test-method status="PASS" signature="Open_TandC_for_Awarded_Quote()[pri:31, instance:VF_Quote_Creation_And_Response.FTL_Quote_Buyer_Side_Verification_Ranking_Basis_Per_Period@87f383f]" name="Open_TandC_for_Awarded_Quote" duration-ms="136" started-at="2020-06-03T12:51:15Z" finished-at="2020-06-03T12:51:15Z">
          <reporter-output>
          </reporter-output>
        </test-method> <!-- Open_TandC_for_Awarded_Quote -->
        <test-method status="PASS" signature="Verify_FuelSurcharge_and_Accesorialfees_in_TandC_for_Awarded_Quote()[pri:32, instance:VF_Quote_Creation_And_Response.FTL_Quote_Buyer_Side_Verification_Ranking_Basis_Per_Period@87f383f]" name="Verify_FuelSurcharge_and_Accesorialfees_in_TandC_for_Awarded_Quote" duration-ms="6121" started-at="2020-06-03T12:51:15Z" finished-at="2020-06-03T12:51:21Z">
          <reporter-output>
          </reporter-output>
        </test-method> <!-- Verify_FuelSurcharge_and_Accesorialfees_in_TandC_for_Awarded_Quote -->
        <test-method status="PASS" signature="verify_Tolls_data_on_tandc_for_Awarded_Quote()[pri:33, instance:VF_Quote_Creation_And_Response.FTL_Quote_Buyer_Side_Verification_Ranking_Basis_Per_Period@87f383f]" name="verify_Tolls_data_on_tandc_for_Awarded_Quote" duration-ms="2381" started-at="2020-06-03T12:51:21Z" finished-at="2020-06-03T12:51:23Z">
          <reporter-output>
          </reporter-output>
        </test-method> <!-- verify_Tolls_data_on_tandc_for_Awarded_Quote -->
        <test-method status="PASS" signature="Verify_Freight_Per_Gallon_Values_in_TandC_for_Awarded_quote()[pri:34, instance:VF_Quote_Creation_And_Response.FTL_Quote_Buyer_Side_Verification_Ranking_Basis_Per_Period@87f383f]" name="Verify_Freight_Per_Gallon_Values_in_TandC_for_Awarded_quote" duration-ms="632" started-at="2020-06-03T12:51:23Z" finished-at="2020-06-03T12:51:24Z">
          <reporter-output>
          </reporter-output>
        </test-method> <!-- Verify_Freight_Per_Gallon_Values_in_TandC_for_Awarded_quote -->
        <test-method status="PASS" signature="Verify_Total_Charges_Frt_$_Per_Gall_in_TandC_for_Awarded_quote()[pri:35, instance:VF_Quote_Creation_And_Response.FTL_Quote_Buyer_Side_Verification_Ranking_Basis_Per_Period@87f383f]" name="Verify_Total_Charges_Frt_$_Per_Gall_in_TandC_for_Awarded_quote" duration-ms="633" started-at="2020-06-03T12:51:24Z" finished-at="2020-06-03T12:51:24Z">
          <reporter-output>
          </reporter-output>
        </test-method> <!-- Verify_Total_Charges_Frt_$_Per_Gall_in_TandC_for_Awarded_quote -->
        <test-method status="PASS" signature="Verify_$_Per_Period_Values_on_TandC_for_Awarded_quote()[pri:36, instance:VF_Quote_Creation_And_Response.FTL_Quote_Buyer_Side_Verification_Ranking_Basis_Per_Period@87f383f]" name="Verify_$_Per_Period_Values_on_TandC_for_Awarded_quote" duration-ms="253" started-at="2020-06-03T12:51:24Z" finished-at="2020-06-03T12:51:25Z">
          <reporter-output>
          </reporter-output>
        </test-method> <!-- Verify_$_Per_Period_Values_on_TandC_for_Awarded_quote -->
        <test-method status="PASS" signature="Verify_$_Per_del_Values_on_TandC_for_Awarded_quote()[pri:37, instance:VF_Quote_Creation_And_Response.FTL_Quote_Buyer_Side_Verification_Ranking_Basis_Per_Period@87f383f]" name="Verify_$_Per_del_Values_on_TandC_for_Awarded_quote" duration-ms="247" started-at="2020-06-03T12:51:25Z" finished-at="2020-06-03T12:51:25Z">
          <reporter-output>
          </reporter-output>
        </test-method> <!-- Verify_$_Per_del_Values_on_TandC_for_Awarded_quote -->
        <test-method status="PASS" signature="Verify_$_Per_Gal_Values_on_TandC_for_Awarded_quote()[pri:38, instance:VF_Quote_Creation_And_Response.FTL_Quote_Buyer_Side_Verification_Ranking_Basis_Per_Period@87f383f]" name="Verify_$_Per_Gal_Values_on_TandC_for_Awarded_quote" duration-ms="270" started-at="2020-06-03T12:51:25Z" finished-at="2020-06-03T12:51:25Z">
          <reporter-output>
          </reporter-output>
        </test-method> <!-- Verify_$_Per_Gal_Values_on_TandC_for_Awarded_quote -->
        <test-method status="PASS" signature="Verify_finaltotal_and_RankingBasis_Values_in_TandC_for_Awarded_quote_for_Awarded_Quote()[pri:39, instance:VF_Quote_Creation_And_Response.FTL_Quote_Buyer_Side_Verification_Ranking_Basis_Per_Period@87f383f]" name="Verify_finaltotal_and_RankingBasis_Values_in_TandC_for_Awarded_quote_for_Awarded_Quote" duration-ms="5352" started-at="2020-06-03T12:51:25Z" finished-at="2020-06-03T12:51:31Z">
          <reporter-output>
          </reporter-output>
        </test-method> <!-- Verify_finaltotal_and_RankingBasis_Values_in_TandC_for_Awarded_quote_for_Awarded_Quote -->
        <test-method status="PASS" signature="Open_Workbench_for_Awarded_quote()[pri:40, instance:VF_Quote_Creation_And_Response.FTL_Quote_Buyer_Side_Verification_Ranking_Basis_Per_Period@87f383f]" name="Open_Workbench_for_Awarded_quote" duration-ms="198" started-at="2020-06-03T12:51:31Z" finished-at="2020-06-03T12:51:31Z">
          <reporter-output>
          </reporter-output>
        </test-method> <!-- Open_Workbench_for_Awarded_quote -->
        <test-method status="PASS" signature="Verify_Buyer_Calculations_on_Workbench_for_Awarded_quote()[pri:41, instance:VF_Quote_Creation_And_Response.FTL_Quote_Buyer_Side_Verification_Ranking_Basis_Per_Period@87f383f]" name="Verify_Buyer_Calculations_on_Workbench_for_Awarded_quote" duration-ms="11081" started-at="2020-06-03T12:51:31Z" finished-at="2020-06-03T12:51:42Z">
          <reporter-output>
          </reporter-output>
        </test-method> <!-- Verify_Buyer_Calculations_on_Workbench_for_Awarded_quote -->
        <test-method status="PASS" signature="Verify_FuelSurcharge_and_Accesorialfees_in_Workbench_for_Awarded_quote()[pri:42, instance:VF_Quote_Creation_And_Response.FTL_Quote_Buyer_Side_Verification_Ranking_Basis_Per_Period@87f383f]" name="Verify_FuelSurcharge_and_Accesorialfees_in_Workbench_for_Awarded_quote" duration-ms="2154" started-at="2020-06-03T12:51:42Z" finished-at="2020-06-03T12:51:44Z">
          <reporter-output>
          </reporter-output>
        </test-method> <!-- Verify_FuelSurcharge_and_Accesorialfees_in_Workbench_for_Awarded_quote -->
        <test-method status="PASS" signature="Verify_Tolls_in_Workbench_for_Awarded_quote()[pri:43, instance:VF_Quote_Creation_And_Response.FTL_Quote_Buyer_Side_Verification_Ranking_Basis_Per_Period@87f383f]" name="Verify_Tolls_in_Workbench_for_Awarded_quote" duration-ms="216" started-at="2020-06-03T12:51:44Z" finished-at="2020-06-03T12:51:44Z">
          <reporter-output>
          </reporter-output>
        </test-method> <!-- Verify_Tolls_in_Workbench_for_Awarded_quote -->
        <test-method status="PASS" signature="Verify_Freight_Per_Gallon_Values_in_WorkBench_for_Awarded_quote()[pri:44, instance:VF_Quote_Creation_And_Response.FTL_Quote_Buyer_Side_Verification_Ranking_Basis_Per_Period@87f383f]" name="Verify_Freight_Per_Gallon_Values_in_WorkBench_for_Awarded_quote" duration-ms="741" started-at="2020-06-03T12:51:44Z" finished-at="2020-06-03T12:51:45Z">
          <reporter-output>
          </reporter-output>
        </test-method> <!-- Verify_Freight_Per_Gallon_Values_in_WorkBench_for_Awarded_quote -->
        <test-method status="PASS" signature="Verify_Total_Charges_Frt_$_Per_Gall_in_Workbench_for_Awarded_quote()[pri:45, instance:VF_Quote_Creation_And_Response.FTL_Quote_Buyer_Side_Verification_Ranking_Basis_Per_Period@87f383f]" name="Verify_Total_Charges_Frt_$_Per_Gall_in_Workbench_for_Awarded_quote" duration-ms="616" started-at="2020-06-03T12:51:45Z" finished-at="2020-06-03T12:51:46Z">
          <reporter-output>
          </reporter-output>
        </test-method> <!-- Verify_Total_Charges_Frt_$_Per_Gall_in_Workbench_for_Awarded_quote -->
        <test-method status="PASS" signature="Verify_$_Per_Period_Values_on_Workbench_for_Awarded_quote()[pri:46, instance:VF_Quote_Creation_And_Response.FTL_Quote_Buyer_Side_Verification_Ranking_Basis_Per_Period@87f383f]" name="Verify_$_Per_Period_Values_on_Workbench_for_Awarded_quote" duration-ms="730" started-at="2020-06-03T12:51:46Z" finished-at="2020-06-03T12:51:46Z">
          <reporter-output>
          </reporter-output>
        </test-method> <!-- Verify_$_Per_Period_Values_on_Workbench_for_Awarded_quote -->
        <test-method status="PASS" signature="Verify_$_Per_del_Values_on_Workbench_for_Awarded_quote()[pri:47, instance:VF_Quote_Creation_And_Response.FTL_Quote_Buyer_Side_Verification_Ranking_Basis_Per_Period@87f383f]" name="Verify_$_Per_del_Values_on_Workbench_for_Awarded_quote" duration-ms="427" started-at="2020-06-03T12:51:46Z" finished-at="2020-06-03T12:51:47Z">
          <reporter-output>
          </reporter-output>
        </test-method> <!-- Verify_$_Per_del_Values_on_Workbench_for_Awarded_quote -->
        <test-method status="PASS" signature="Verify_$_Per_Gal_Values_on_Workbench_for_Awarded_quote()[pri:48, instance:VF_Quote_Creation_And_Response.FTL_Quote_Buyer_Side_Verification_Ranking_Basis_Per_Period@87f383f]" name="Verify_$_Per_Gal_Values_on_Workbench_for_Awarded_quote" duration-ms="300" started-at="2020-06-03T12:51:47Z" finished-at="2020-06-03T12:51:47Z">
          <reporter-output>
          </reporter-output>
        </test-method> <!-- Verify_$_Per_Gal_Values_on_Workbench_for_Awarded_quote -->
        <test-method status="PASS" signature="Close_Workbench_for_Awarded_quote()[pri:49, instance:VF_Quote_Creation_And_Response.FTL_Quote_Buyer_Side_Verification_Ranking_Basis_Per_Period@87f383f]" name="Close_Workbench_for_Awarded_quote" duration-ms="2201" started-at="2020-06-03T12:51:47Z" finished-at="2020-06-03T12:51:49Z">
          <reporter-output>
          </reporter-output>
        </test-method> <!-- Close_Workbench_for_Awarded_quote -->
        <test-method status="PASS" signature="Veify_Buyer_Logout()[pri:50, instance:VF_Quote_Creation_And_Response.FTL_Quote_Buyer_Side_Verification_Ranking_Basis_Per_Period@87f383f]" name="Veify_Buyer_Logout" duration-ms="3817" started-at="2020-06-03T12:51:49Z" finished-at="2020-06-03T12:51:53Z">
          <reporter-output>
          </reporter-output>
        </test-method> <!-- Veify_Buyer_Logout -->
        <test-method status="PASS" signature="teardowntest()[pri:0, instance:VF_Quote_Creation_And_Response.FTL_Quote_Buyer_Side_Verification_Ranking_Basis_Per_Period@87f383f]" name="teardowntest" is-config="true" duration-ms="68" started-at="2020-06-03T12:51:53Z" finished-at="2020-06-03T12:51:53Z">
          <reporter-output>
          </reporter-output>
        </test-method> <!-- teardowntest -->
      </class> <!-- VF_Quote_Creation_And_Response.FTL_Quote_Buyer_Side_Verification_Ranking_Basis_Per_Period -->
    </test> <!-- FTL Buyer calucation verification for $ per Period -->
  </suite> <!-- Suite -->
</testng-results>
